2024-01-04 13:28:05,914 [INFO] Activator:176 - 


2024-01-04 13:28:05,925 [INFO] Activator:177 - !SESSION log4j initialized
2024-01-04 13:28:16,995 [INFO] LogOutputStream:77 - [STDOUT_REDIRECT] 
2024-01-04 13:28:26,537 [INFO] ApplicationProperties:184 - Using Application install path: C:\ST\STM32CubeIDE_1.12.0\STM32CubeIDE\plugins\com.st.stm32cube.common.mx_6.9.2.202309101412
2024-01-04 13:28:26,576 [INFO] DbMcusXml:78 - Set database path to: C:\ST\STM32CubeIDE_1.12.0\STM32CubeIDE\plugins\com.st.stm32cube.common.mx_6.9.2.202309101412\\db\/mcu/
2024-01-04 13:28:26,576 [INFO] ApiDb:274 - Set plugin database path to: C:\ST\STM32CubeIDE_1.12.0\STM32CubeIDE\plugins\com.st.stm32cube.common.mx_6.9.2.202309101412\\db\/plugins/boardmanager/
2024-01-04 13:28:26,577 [WARN] ApiDb:259 - Overriding images path with different value:  => C:\ST\STM32CubeIDE_1.12.0\STM32CubeIDE\plugins\com.st.stm32cube.common.mx_6.9.2.202309101412\\db\/plugins/mcufinder/images/
2024-01-04 13:28:26,602 [INFO] ApiDb:250 - Set database path to: C:\Users\Asus\.stmcufinder\plugins\mcufinder//mcu/
2024-01-04 13:28:26,604 [INFO] DbMcusAds:125 - Set database path to: C:\Users\Asus\.stmcufinder\plugins\mcufinder//mcu/
2024-01-04 13:28:26,608 [INFO] CrossReferenceDbSqlite:203 - Set database path to: C:\Users\Asus\.stmcufinder\plugins\mcufinder//mcu/cs/
2024-01-04 13:28:26,815 [INFO] RulesReader:64 - Compatibility file has been processed (293 Rules)
2024-01-04 13:28:26,989 [INFO] DbMcusXml:78 - Set database path to: C:\ST\STM32CubeIDE_1.12.0\STM32CubeIDE\plugins\com.st.stm32cube.common.mx_6.9.2.202309101412\\db\/mcu/
2024-01-04 13:28:26,989 [INFO] ApiDb:274 - Set plugin database path to: C:\ST\STM32CubeIDE_1.12.0\STM32CubeIDE\plugins\com.st.stm32cube.common.mx_6.9.2.202309101412\\db\/plugins/boardmanager/
2024-01-04 13:28:26,989 [INFO] ApiDb:261 - Set plugin images path to: C:\ST\STM32CubeIDE_1.12.0\STM32CubeIDE\plugins\com.st.stm32cube.common.mx_6.9.2.202309101412\\db\/plugins/mcufinder/images/
2024-01-04 13:28:26,990 [WARN] DbFile:41 - Overriding database path with different value: C:\Users\Asus\.stmcufinder\plugins\mcufinder/ => C:\Users\Asus\.stmcufinder\plugins\mcufinder
2024-01-04 13:28:26,990 [INFO] ApiDb:250 - Set database path to: C:\Users\Asus\.stmcufinder\plugins\mcufinder//mcu/
2024-01-04 13:28:26,991 [WARN] DbFile:41 - Overriding database path with different value: C:\Users\Asus\.stmcufinder\plugins\mcufinder/ => C:\Users\Asus\.stmcufinder\plugins\mcufinder
2024-01-04 13:28:26,991 [INFO] DbMcusAds:125 - Set database path to: C:\Users\Asus\.stmcufinder\plugins\mcufinder//mcu/
2024-01-04 13:28:26,991 [WARN] DbFile:41 - Overriding database path with different value: C:\Users\Asus\.stmcufinder\plugins\mcufinder/ => C:\Users\Asus\.stmcufinder\plugins\mcufinder
2024-01-04 13:28:26,991 [WARN] DbFile:41 - Overriding database path with different value: C:\Users\Asus\.stmcufinder\plugins\mcufinder/ => C:\Users\Asus\.stmcufinder\plugins\mcufinder
2024-01-04 13:28:26,992 [INFO] CrossReferenceDbSqlite:203 - Set database path to: C:\Users\Asus\.stmcufinder\plugins\mcufinder//mcu/cs/
2024-01-04 13:28:27,174 [INFO] MainPanel:262 - HeapMemory: 268435456
2024-01-04 13:28:27,403 [INFO] DbMcusXml:78 - Set database path to: C:\ST\STM32CubeIDE_1.12.0\STM32CubeIDE\plugins\com.st.stm32cube.common.mx_6.9.2.202309101412\\db\/mcu/
2024-01-04 13:28:27,404 [INFO] ApiDb:274 - Set plugin database path to: C:\ST\STM32CubeIDE_1.12.0\STM32CubeIDE\plugins\com.st.stm32cube.common.mx_6.9.2.202309101412\\db\/plugins/boardmanager/
2024-01-04 13:28:27,404 [INFO] ApiDb:261 - Set plugin images path to: C:\ST\STM32CubeIDE_1.12.0\STM32CubeIDE\plugins\com.st.stm32cube.common.mx_6.9.2.202309101412\\db\/plugins/mcufinder/images/
2024-01-04 13:28:27,405 [WARN] DbFile:41 - Overriding database path with different value: C:\Users\Asus\.stmcufinder\plugins\mcufinder/ => C:\Users\Asus\.stmcufinder\plugins\mcufinder
2024-01-04 13:28:27,406 [INFO] ApiDb:250 - Set database path to: C:\Users\Asus\.stmcufinder\plugins\mcufinder//mcu/
2024-01-04 13:28:27,406 [WARN] DbFile:41 - Overriding database path with different value: C:\Users\Asus\.stmcufinder\plugins\mcufinder/ => C:\Users\Asus\.stmcufinder\plugins\mcufinder
2024-01-04 13:28:27,406 [INFO] DbMcusAds:125 - Set database path to: C:\Users\Asus\.stmcufinder\plugins\mcufinder//mcu/
2024-01-04 13:28:27,407 [WARN] DbFile:41 - Overriding database path with different value: C:\Users\Asus\.stmcufinder\plugins\mcufinder/ => C:\Users\Asus\.stmcufinder\plugins\mcufinder
2024-01-04 13:28:27,407 [WARN] DbFile:41 - Overriding database path with different value: C:\Users\Asus\.stmcufinder\plugins\mcufinder/ => C:\Users\Asus\.stmcufinder\plugins\mcufinder
2024-01-04 13:28:27,458 [INFO] CrossReferenceDbSqlite:203 - Set database path to: C:\Users\Asus\.stmcufinder\plugins\mcufinder//mcu/cs/
2024-01-04 13:28:27,508 [INFO] ApplicationProperties:184 - Using Application install path: C:\ST\STM32CubeIDE_1.12.0\STM32CubeIDE\plugins\com.st.stm32cube.common.mx_6.9.2.202309101412
2024-01-04 13:28:27,511 [INFO] PluginManage:196 - Search for loadable plugins [exclusion list=, ]
2024-01-04 13:28:27,514 [INFO] PluginManage:310 - Check plugin analytics
2024-01-04 13:28:33,134 [INFO] AnalyticsPlugin:253 - Accepted Software Licenses: 
2024-01-04 13:28:33,135 [INFO] AnalyticsPlugin:255 - Accepted CMSIS Pack Licenses: 
2024-01-04 13:28:33,136 [INFO] AnalyticsPlugin:257 - Accepted Firmware Licenses: 
2024-01-04 13:28:33,145 [INFO] PluginManage:359 - Loaded plugin analytics (category:tool,tabindex:-1)
2024-01-04 13:28:33,147 [INFO] PluginManage:310 - Check plugin cadmodel
2024-01-04 13:28:33,191 [INFO] CADModel:105 - Init CAD model plugin
2024-01-04 13:28:33,192 [INFO] PluginManage:359 - Loaded plugin cadmodel (category:power,tabindex:5)
2024-01-04 13:28:33,193 [INFO] PluginManage:310 - Check plugin clock
2024-01-04 13:28:33,259 [INFO] PluginManage:359 - Loaded plugin clock (category:base,tabindex:2)
2024-01-04 13:28:33,260 [INFO] PluginManage:310 - Check plugin ddr
2024-01-04 13:28:33,267 [INFO] PluginManage:359 - Loaded plugin ddr (category:tool,tabindex:6)
2024-01-04 13:28:33,267 [INFO] PluginManage:310 - Check plugin filemanager
2024-01-04 13:28:33,914 [INFO] PluginManage:359 - Loaded plugin filemanager (category:base,tabindex:10)
2024-01-04 13:28:33,915 [INFO] PluginManage:310 - Check plugin ipmanager
2024-01-04 13:28:33,960 [INFO] PluginManage:359 - Loaded plugin ipmanager (category:base,tabindex:5)
2024-01-04 13:28:33,961 [INFO] PluginManage:310 - Check plugin lpbam
2024-01-04 13:28:34,022 [INFO] PluginManage:359 - Loaded plugin lpbam (category:base,tabindex:0)
2024-01-04 13:28:34,023 [INFO] PluginManage:310 - Check plugin memorymap
2024-01-04 13:28:34,111 [INFO] PluginManage:359 - Loaded plugin memorymap (category:base,tabindex:4)
2024-01-04 13:28:34,112 [INFO] PluginManage:310 - Check plugin pinoutandconfiguration
2024-01-04 13:28:34,179 [INFO] PluginManage:359 - Loaded plugin pinoutandconfiguration (category:base,tabindex:1)
2024-01-04 13:28:34,180 [INFO] PluginManage:310 - Check plugin pinoutconfig
2024-01-04 13:28:34,618 [WARN] SupportedApi:132 - Cannot load RTOS API schema: s4s-elt-must-match.1: The content of 'definitions' must match (annotation?, (simpleType | complexType)?, (unique | key | keyref)*)). A problem was found starting at: attribute.
2024-01-04 13:28:35,393 [INFO] PluginManage:359 - Loaded plugin pinoutconfig (category:base,tabindex:0)
2024-01-04 13:28:35,393 [INFO] PluginManage:310 - Check plugin power
2024-01-04 13:28:35,470 [INFO] PluginManage:359 - Loaded plugin power (category:power,tabindex:4)
2024-01-04 13:28:35,470 [INFO] PluginManage:310 - Check plugin projectmanager
2024-01-04 13:28:35,528 [INFO] PluginManage:359 - Loaded plugin projectmanager (category:projectmanager,tabindex:3)
2024-01-04 13:28:35,529 [INFO] PluginManage:310 - Check plugin thirdparty
2024-01-04 13:28:36,621 [INFO] PluginManage:359 - Loaded plugin thirdparty (category:base,tabindex:-1)
2024-01-04 13:28:36,621 [WARN] IntegrityCheckThread:84 - waiting for thirdparty lock release [integrity check]
2024-01-04 13:28:36,621 [INFO] PluginManage:310 - Check plugin tools
2024-01-04 13:28:36,621 [INFO] IntegrityCheckThread:86 - entering critical section [integrity check]
2024-01-04 13:28:36,623 [INFO] ThirdPartyUpdaterWithRetryManager:70 - Updater plugin not ready yet. [1/15]
2024-01-04 13:28:36,747 [INFO] PluginManage:359 - Loaded plugin tools (category:base,tabindex:7)
2024-01-04 13:28:36,747 [INFO] PluginManage:310 - Check plugin tutovideos
2024-01-04 13:28:37,452 [INFO] PluginManage:359 - Loaded plugin tutovideos (category:base,tabindex:-1)
2024-01-04 13:28:37,453 [INFO] PluginManage:310 - Check plugin updater
2024-01-04 13:28:37,489 [INFO] PluginManage:359 - Loaded plugin updater (category:base,tabindex:12)
2024-01-04 13:28:37,489 [INFO] PluginManage:310 - Check plugin userauth
2024-01-04 13:28:37,506 [INFO] UserAuth:113 - Init User Auth plugin
2024-01-04 13:28:37,507 [INFO] PluginManage:359 - Loaded plugin userauth (category:base,tabindex:14)
2024-01-04 13:28:37,509 [INFO] PluginManage:283 - PluginManage : Loaded plugins [17]
2024-01-04 13:28:38,392 [INFO] PinOutPanel:1499 - setPackage(No Configuration,No Configuration)
2024-01-04 13:28:38,813 [INFO] CADModel:165 - CPN selected for project level
2024-01-04 13:28:38,813 [INFO] CADModel:114 - Register for checkConnection events
2024-01-04 13:28:38,883 [INFO] IPUIPlugin:80 - create IPUIPlugin
2024-01-04 13:28:38,883 [INFO] PluginManager:220 - loadIPPluginJar : add adc
2024-01-04 13:28:39,018 [INFO] IPUIPlugin:80 - create IPUIPlugin
2024-01-04 13:28:39,019 [INFO] PluginManager:220 - loadIPPluginJar : add aes
2024-01-04 13:28:39,158 [INFO] IPUIPlugin:80 - create IPUIPlugin
2024-01-04 13:28:39,158 [INFO] PluginManager:220 - loadIPPluginJar : add can
2024-01-04 13:28:39,242 [INFO] IPUIPlugin:80 - create IPUIPlugin
2024-01-04 13:28:39,243 [INFO] PluginManager:220 - loadIPPluginJar : add comp
2024-01-04 13:28:39,340 [INFO] IPUIPlugin:80 - create IPUIPlugin
2024-01-04 13:28:39,340 [INFO] PluginManager:220 - loadIPPluginJar : add cryp
2024-01-04 13:28:39,444 [INFO] IPUIPlugin:80 - create IPUIPlugin
2024-01-04 13:28:39,445 [INFO] PluginManager:220 - loadIPPluginJar : add dfsdm
2024-01-04 13:28:39,481 [INFO] IPUIPlugin:80 - create IPUIPlugin
2024-01-04 13:28:39,483 [INFO] PluginManager:220 - loadIPPluginJar : add dma
2024-01-04 13:28:39,608 [INFO] IPUIPlugin:80 - create IPUIPlugin
2024-01-04 13:28:39,608 [INFO] PluginManager:220 - loadIPPluginJar : add dma3
2024-01-04 13:28:39,629 [INFO] ThirdPartyUpdaterWithRetryManager:70 - Updater plugin not ready yet. [2/15]
2024-01-04 13:28:39,680 [INFO] IPUIPlugin:80 - create IPUIPlugin
2024-01-04 13:28:39,681 [INFO] PluginManager:220 - loadIPPluginJar : add fatfs
2024-01-04 13:28:39,828 [INFO] IPUIPlugin:80 - create IPUIPlugin
2024-01-04 13:28:39,829 [INFO] PluginManager:220 - loadIPPluginJar : add fmc
2024-01-04 13:28:39,870 [INFO] IPUIPlugin:80 - create IPUIPlugin
2024-01-04 13:28:39,871 [INFO] PluginManager:220 - loadIPPluginJar : add freertos
2024-01-04 13:28:39,928 [INFO] IPUIPlugin:80 - create IPUIPlugin
2024-01-04 13:28:39,928 [INFO] PluginManager:220 - loadIPPluginJar : add genericplugin
2024-01-04 13:28:40,224 [INFO] IPUIPlugin:80 - create IPUIPlugin
2024-01-04 13:28:40,224 [INFO] PluginManager:220 - loadIPPluginJar : add gfxmmu
2024-01-04 13:28:40,677 [INFO] IPUIPlugin:80 - create IPUIPlugin
2024-01-04 13:28:40,678 [INFO] PluginManager:220 - loadIPPluginJar : add gic
2024-01-04 13:28:40,723 [INFO] IPUIPlugin:80 - create IPUIPlugin
2024-01-04 13:28:40,724 [INFO] PluginManager:220 - loadIPPluginJar : add gpio
2024-01-04 13:28:41,022 [INFO] IPUIPlugin:80 - create IPUIPlugin
2024-01-04 13:28:41,023 [INFO] PluginManager:220 - loadIPPluginJar : add gtzc
2024-01-04 13:28:41,131 [INFO] IPUIPlugin:80 - create IPUIPlugin
2024-01-04 13:28:41,131 [INFO] PluginManager:220 - loadIPPluginJar : add hash
2024-01-04 13:28:41,310 [INFO] IPUIPlugin:80 - create IPUIPlugin
2024-01-04 13:28:41,311 [INFO] PluginManager:220 - loadIPPluginJar : add i2c
2024-01-04 13:28:41,443 [INFO] IPUIPlugin:80 - create IPUIPlugin
2024-01-04 13:28:41,444 [INFO] PluginManager:220 - loadIPPluginJar : add i2s
2024-01-04 13:28:41,608 [INFO] IPUIPlugin:80 - create IPUIPlugin
2024-01-04 13:28:41,609 [INFO] PluginManager:220 - loadIPPluginJar : add i3c
2024-01-04 13:28:42,036 [INFO] IPUIPlugin:80 - create IPUIPlugin
2024-01-04 13:28:42,037 [INFO] PluginManager:220 - loadIPPluginJar : add ipddr
2024-01-04 13:28:42,341 [INFO] IPUIPlugin:80 - create IPUIPlugin
2024-01-04 13:28:42,341 [INFO] PluginManager:220 - loadIPPluginJar : add linkedlist
2024-01-04 13:28:42,450 [INFO] IPUIPlugin:80 - create IPUIPlugin
2024-01-04 13:28:42,450 [INFO] PluginManager:220 - loadIPPluginJar : add lorawan
2024-01-04 13:28:42,575 [INFO] IPUIPlugin:80 - create IPUIPlugin
2024-01-04 13:28:42,576 [INFO] PluginManager:220 - loadIPPluginJar : add ltdc
2024-01-04 13:28:42,626 [INFO] IPUIPlugin:80 - create IPUIPlugin
2024-01-04 13:28:42,627 [INFO] PluginManager:220 - loadIPPluginJar : add mdma
2024-01-04 13:28:42,632 [INFO] ThirdPartyUpdaterWithRetryManager:70 - Updater plugin not ready yet. [3/15]
2024-01-04 13:28:42,656 [INFO] IPUIPlugin:80 - create IPUIPlugin
2024-01-04 13:28:42,656 [INFO] PluginManager:220 - loadIPPluginJar : add nvic
2024-01-04 13:28:42,760 [INFO] IPUIPlugin:80 - create IPUIPlugin
2024-01-04 13:28:42,760 [INFO] PluginManager:220 - loadIPPluginJar : add opamp
2024-01-04 13:28:42,964 [INFO] IPUIPlugin:80 - create IPUIPlugin
2024-01-04 13:28:42,964 [INFO] PluginManager:220 - loadIPPluginJar : add openamp
2024-01-04 13:28:43,099 [INFO] IPUIPlugin:80 - create IPUIPlugin
2024-01-04 13:28:43,100 [INFO] PluginManager:220 - loadIPPluginJar : add pdm2pcm
2024-01-04 13:28:43,145 [INFO] IPUIPlugin:80 - create IPUIPlugin
2024-01-04 13:28:43,153 [INFO] PluginManager:220 - loadIPPluginJar : add plateformsettings
2024-01-04 13:28:43,217 [INFO] IPUIPlugin:80 - create IPUIPlugin
2024-01-04 13:28:43,217 [INFO] PluginManager:220 - loadIPPluginJar : add quadspi
2024-01-04 13:28:43,258 [INFO] IPUIPlugin:80 - create IPUIPlugin
2024-01-04 13:28:43,259 [INFO] PluginManager:220 - loadIPPluginJar : add resmgrutility
2024-01-04 13:28:43,406 [INFO] IPUIPlugin:80 - create IPUIPlugin
2024-01-04 13:28:43,406 [INFO] PluginManager:220 - loadIPPluginJar : add sai
2024-01-04 13:28:43,530 [INFO] IPUIPlugin:80 - create IPUIPlugin
2024-01-04 13:28:43,530 [INFO] PluginManager:220 - loadIPPluginJar : add spi
2024-01-04 13:28:43,728 [INFO] IPUIPlugin:80 - create IPUIPlugin
2024-01-04 13:28:43,729 [INFO] PluginManager:220 - loadIPPluginJar : add stm32_wpan
2024-01-04 13:28:43,799 [INFO] IPUIPlugin:80 - create IPUIPlugin
2024-01-04 13:28:43,799 [INFO] PluginManager:220 - loadIPPluginJar : add tim
2024-01-04 13:28:43,979 [INFO] IPUIPlugin:80 - create IPUIPlugin
2024-01-04 13:28:43,979 [INFO] PluginManager:220 - loadIPPluginJar : add touchsensing
2024-01-04 13:28:44,062 [INFO] IPUIPlugin:80 - create IPUIPlugin
2024-01-04 13:28:44,062 [INFO] PluginManager:220 - loadIPPluginJar : add tracer_emb
2024-01-04 13:28:44,140 [INFO] IPUIPlugin:80 - create IPUIPlugin
2024-01-04 13:28:44,141 [INFO] PluginManager:220 - loadIPPluginJar : add ts
2024-01-04 13:28:44,205 [INFO] IPUIPlugin:80 - create IPUIPlugin
2024-01-04 13:28:44,206 [INFO] PluginManager:220 - loadIPPluginJar : add tsc
2024-01-04 13:28:44,274 [INFO] IPUIPlugin:80 - create IPUIPlugin
2024-01-04 13:28:44,274 [INFO] PluginManager:220 - loadIPPluginJar : add ucpd
2024-01-04 13:28:44,409 [INFO] IPUIPlugin:80 - create IPUIPlugin
2024-01-04 13:28:44,410 [INFO] PluginManager:220 - loadIPPluginJar : add usart
2024-01-04 13:28:44,561 [INFO] IPUIPlugin:80 - create IPUIPlugin
2024-01-04 13:28:44,561 [INFO] PluginManager:220 - loadIPPluginJar : add usbx
2024-01-04 13:28:44,841 [INFO] CADModel:165 - CPN selected for project level
2024-01-04 13:28:44,841 [INFO] CADModel:114 - Register for checkConnection events
2024-01-04 13:28:44,842 [FATAL] Updater:308 - Updater called before beeing initialized
2024-01-04 13:28:44,842 [ERROR] CADModel:125 - Updater not yet initialized, retry later 
2024-01-04 13:28:45,346 [INFO] CADModel:165 - CPN selected for project level
2024-01-04 13:28:45,346 [INFO] CADModel:114 - Register for checkConnection events
2024-01-04 13:28:45,347 [FATAL] Updater:308 - Updater called before beeing initialized
2024-01-04 13:28:45,347 [ERROR] CADModel:125 - Updater not yet initialized, retry later 
2024-01-04 13:28:45,359 [FATAL] Updater:308 - Updater called before beeing initialized
2024-01-04 13:28:45,645 [INFO] ThirdPartyUpdaterWithRetryManager:70 - Updater plugin not ready yet. [4/15]
2024-01-04 13:28:45,760 [FATAL] Updater:308 - Updater called before beeing initialized
2024-01-04 13:28:45,798 [INFO] DbMcusAds:53 - JSON generation date=Wed Nov 29 17:52:27 ICT 2023 (1701255147349)
2024-01-04 13:28:45,799 [FATAL] Updater:308 - Updater called before beeing initialized
2024-01-04 13:28:46,050 [WARN] DetailPanel:346 - Failed to get advertising image, set to default
2024-01-04 13:28:46,396 [FATAL] Updater:308 - Updater called before beeing initialized
2024-01-04 13:28:46,403 [FATAL] Updater:308 - Updater called before beeing initialized
2024-01-04 13:28:46,404 [FATAL] Updater:308 - Updater called before beeing initialized
2024-01-04 13:28:46,404 [WARN] DetailPanel:346 - Failed to get advertising image, set to default
2024-01-04 13:28:46,407 [FATAL] Updater:308 - Updater called before beeing initialized
2024-01-04 13:28:46,625 [ERROR] Updater:1120 - MainUpdater not yet initialized. External WinMGr cannot be set.
2024-01-04 13:28:46,671 [INFO] Updater:1056 - Updater Version found : 6.9.2
2024-01-04 13:28:46,762 [INFO] ApplicationProperties:184 - Using Application install path: C:\ST\STM32CubeIDE_1.12.0\STM32CubeIDE\plugins\com.st.stm32cube.common.mx_6.9.2.202309101412
2024-01-04 13:28:48,660 [FATAL] Updater:308 - Updater called before beeing initialized
2024-01-04 13:28:48,661 [ERROR] IntegrityCheckThread:130 - Cannot retrieve database content from updater: error 21
2024-01-04 13:28:48,662 [INFO] ThirdParty:978 - Integrity check success = false
2024-01-04 13:28:48,662 [INFO] IntegrityCheckThread:100 - exiting critical section [integrity check]
2024-01-04 13:28:48,663 [INFO] IntegrityCheckThread:103 - End integrity checks thread
2024-01-04 13:28:59,259 [ERROR] ServerAccessManage:1146 - Warning during Server Connection :  Unknown host sw-center.st.com
2024-01-04 13:28:59,272 [INFO] MainUpdater:2868 - connection check result : 22
2024-01-04 13:28:59,275 [INFO] MainUpdater:285 - Updater Check For Update Now.
2024-01-04 13:28:59,276 [INFO] MicroXplorer:498 - Change Database Version : DB.6.0.92
2024-01-04 13:28:59,358 [INFO] McuFinderGlobals:63 - Set McuFinder mode to 2 (CubeIDE integrated)
2024-01-04 13:28:59,364 [INFO] UserAuth:179 - activating auth plugin
2024-01-04 13:28:59,377 [INFO] UserAuth:393 - Internet connection configuration mode: 2
2024-01-04 13:28:59,989 [INFO] CheckServerUpdateThread:120 - End of CheckServer Thread
2024-01-04 13:29:22,438 [ERROR] LogOutputStream:75 - [STDERR_REDIRECT] SLF4J: Failed to load class "org.slf4j.impl.StaticLoggerBinder".
2024-01-04 13:29:22,439 [ERROR] LogOutputStream:75 - [STDERR_REDIRECT] SLF4J: Defaulting to no-operation (NOP) logger implementation
2024-01-04 13:29:22,448 [ERROR] LogOutputStream:75 - [STDERR_REDIRECT] SLF4J: See http://www.slf4j.org/codes.html#StaticLoggerBinder for further details.
2024-01-04 13:59:21,032 [INFO] McuFinderGlobals:63 - Set McuFinder mode to 2 (CubeIDE integrated)
2024-01-04 13:59:33,123 [ERROR] ServerAccessManage:1146 - Warning during Server Connection :  Unknown host sw-center.st.com
2024-01-04 13:59:33,127 [INFO] MainUpdater:2868 - connection check result : 22
2024-01-04 13:59:33,157 [ERROR] ServerAccessManage:1146 - Warning during Server Connection :  Unknown host sw-center.st.com
2024-01-04 13:59:33,158 [INFO] MainUpdater:2868 - connection check result : 22
2024-01-04 13:59:37,723 [ERROR] ServerAccessManage:1146 - Warning during Server Connection :  Unknown host sw-center.st.com
2024-01-04 13:59:37,727 [INFO] MainUpdater:2868 - connection check result : 22
2024-01-04 13:59:42,624 [ERROR] ServerAccessManage:1146 - Warning during Server Connection :  Unknown host sw-center.st.com
2024-01-04 13:59:42,629 [INFO] MainUpdater:2868 - connection check result : 22
2024-01-04 13:59:45,711 [ERROR] ServerAccessManage:1146 - Warning during Server Connection :  Unknown host sw-center.st.com
2024-01-04 13:59:45,714 [INFO] MainUpdater:2868 - connection check result : 22
2024-01-04 13:59:47,450 [INFO] MicroXplorer:468 - Change Database Path : 
2024-01-04 13:59:47,450 [INFO] MicroXplorer:498 - Change Database Version : DB.6.0.92
2024-01-04 13:59:47,458 [WARN] ThirdParty:871 - waiting for thirdparty lock release [close project]
2024-01-04 13:59:47,458 [INFO] ThirdParty:873 - entering critical section [close project]
2024-01-04 13:59:47,462 [INFO] ThirdParty:883 - exiting critical section [close project]
2024-01-04 13:59:47,468 [INFO] PinOutPanel:1499 - setPackage(No Configuration,No Configuration)
2024-01-04 13:59:47,489 [INFO] UtilMem:75 - Begin LoadConfig() Used Memory: 177808392 Bytes (268435456)
2024-01-04 13:59:47,493 [INFO] MicroXplorer:468 - Change Database Path : 
2024-01-04 13:59:47,493 [INFO] MicroXplorer:498 - Change Database Version : DB.6.0.92
2024-01-04 13:59:47,494 [INFO] OpenFileManager:308 - Change cursor
2024-01-04 13:59:47,528 [WARN] IntegrityCheckThread:84 - waiting for thirdparty lock release [integrity check]
2024-01-04 13:59:47,528 [INFO] IntegrityCheckThread:86 - entering critical section [integrity check]
2024-01-04 13:59:48,044 [WARN] PackLoader:240 - Cannot read IP mode file for STMicroelectronics.X-CUBE-SMBUS.2.1.0
2024-01-04 13:59:48,089 [WARN] PackLoader:240 - Cannot read IP mode file for STMicroelectronics.X-CUBE-TOUCHGFX.4.23.0
2024-01-04 13:59:48,170 [WARN] PackLoader:240 - Cannot read IP mode file for STMicroelectronics.X-CUBE-AZRTOS-F7.1.1.0
2024-01-04 13:59:48,206 [WARN] PackLoader:240 - Cannot read IP mode file for STMicroelectronics.FP-SNS-MOTENV1.4.3.2
2024-01-04 13:59:48,240 [WARN] PackLoader:240 - Cannot read IP mode file for STMicroelectronics.X-CUBE-BLE1.6.2.4
2024-01-04 13:59:48,262 [WARN] PackLoader:240 - Cannot read IP mode file for STMicroelectronics.FP-SNS-FLIGHT1.5.0.2
2024-01-04 13:59:48,299 [WARN] PackLoader:240 - Cannot read IP mode file for STMicroelectronics.X-CUBE-DISPLAY.3.0.0
2024-01-04 13:59:48,337 [WARN] PackLoader:240 - Cannot read IP mode file for STMicroelectronics.X-CUBE-BLE1.7.0.0
2024-01-04 13:59:48,360 [WARN] PackLoader:240 - Cannot read IP mode file for STMicroelectronics.X-CUBE-TOUCHGFX.4.22.1
2024-01-04 13:59:48,392 [WARN] PackLoader:240 - Cannot read IP mode file for STMicroelectronics.FP-SNS-SMARTAG2.1.2.0
2024-01-04 13:59:48,434 [INFO] LogOutputStream:77 - [STDOUT_REDIRECT] 1 : Invalid condition id : UX_CORESTACK_Condition cause : null
2024-01-04 13:59:48,435 [INFO] LogOutputStream:77 - [STDOUT_REDIRECT] 1 : Invalid condition id : UX_CORESTACK_Condition cause : null
2024-01-04 13:59:48,437 [INFO] LogOutputStream:77 - [STDOUT_REDIRECT] 1 : Invalid condition id : UX_CORESTACK_Condition cause : null
2024-01-04 13:59:48,441 [INFO] LogOutputStream:77 - [STDOUT_REDIRECT] 1 : Invalid condition id : UX_CORESTACK_Condition cause : null
2024-01-04 13:59:48,447 [INFO] LogOutputStream:77 - [STDOUT_REDIRECT] 1 : Invalid condition id : UX_CORESTACK_Condition cause : null
2024-01-04 13:59:48,456 [WARN] PackLoader:240 - Cannot read IP mode file for STMicroelectronics.X-CUBE-AZRTOS-WL.2.0.0
2024-01-04 13:59:48,520 [WARN] PackLoader:240 - Cannot read IP mode file for WES.I-CUBE-Cesium.1.3.0
2024-01-04 13:59:48,555 [WARN] PackLoader:240 - Cannot read IP mode file for STMicroelectronics.X-CUBE-BLE2.3.3.0
2024-01-04 13:59:48,591 [WARN] PackLoader:240 - Cannot read IP mode file for STMicroelectronics.X-CUBE-TOUCHGFX.4.21.3
2024-01-04 13:59:48,642 [WARN] PackLoader:240 - Cannot read IP mode file for STMicroelectronics.X-CUBE-ALGOBUILD.1.3.0
2024-01-04 13:59:48,732 [WARN] PackLoader:240 - Cannot read IP mode file for STMicroelectronics.X-CUBE-AZRTOS-G0.1.1.0
2024-01-04 13:59:48,770 [WARN] PackLoader:240 - Cannot read IP mode file for STMicroelectronics.X-CUBE-NFC4.3.0.0
2024-01-04 13:59:48,805 [WARN] PackLoader:240 - Cannot read IP mode file for STMicroelectronics.X-CUBE-BLEMGR.3.0.0
2024-01-04 13:59:48,826 [WARN] PackLoader:240 - Cannot read IP mode file for STMicroelectronics.FP-ATR-SIGFOX1.3.2.0
2024-01-04 13:59:48,896 [WARN] PackLoader:240 - Cannot read IP mode file for SEGGER.I-CUBE-embOS.1.3.1
2024-01-04 13:59:49,012 [WARN] PackLoader:240 - Cannot read IP mode file for STMicroelectronics.X-CUBE-GNSS1.6.0.0
2024-01-04 13:59:49,072 [WARN] PackLoader:240 - Cannot read IP mode file for STMicroelectronics.X-CUBE-AZRTOS-F4.1.1.0
2024-01-04 13:59:49,102 [WARN] PackLoader:240 - Cannot read IP mode file for wolfSSL.I-CUBE-wolfSSL.5.6.0
2024-01-04 13:59:49,162 [WARN] PackLoader:240 - Cannot read IP mode file for STMicroelectronics.X-CUBE-AZRTOS-L5.2.0.0
2024-01-04 13:59:49,282 [WARN] PackLoader:240 - Cannot read IP mode file for STMicroelectronics.X-CUBE-MEMS1.9.6.0
2024-01-04 13:59:49,561 [WARN] PackLoader:240 - Cannot read IP mode file for STMicroelectronics.X-CUBE-EEPRMA1.4.2.0
2024-01-04 13:59:49,588 [WARN] PackLoader:240 - Cannot read IP mode file for ITTIA_DB.I-CUBE-ITTIADB.8.8.0
2024-01-04 13:59:49,616 [WARN] PackLoader:240 - Cannot read IP mode file for emotas.I-CUBE-CANOPEN.1.1.3
2024-01-04 13:59:49,647 [WARN] PackLoader:240 - Cannot read IP mode file for STMicroelectronics.X-CUBE-BLEMGR.2.0.0
2024-01-04 13:59:49,698 [WARN] ConditionMgr:438 - getConditionDescription Invalid condition id : UX DEVICE CLASS RTOS Condition cause : null
2024-01-04 13:59:49,698 [WARN] ConditionMgr:438 - getConditionDescription Invalid condition id : UX DEVICE CLASS RTOS Condition cause : null
2024-01-04 13:59:49,705 [WARN] PackLoader:240 - Cannot read IP mode file for STMicroelectronics.X-CUBE-AZRTOS-H7.3.1.0
2024-01-04 13:59:49,707 [WARN] ConditionMgr:1039 - genDependencies : Invalid condition id : UX DEVICE CLASS RTOS Condition cause : null
2024-01-04 13:59:49,707 [WARN] ConditionMgr:1039 - genDependencies : Invalid condition id : UX DEVICE CLASS RTOS Condition cause : null
2024-01-04 13:59:49,709 [WARN] ConditionMgr:1039 - genDependencies : Invalid condition id : UX DEVICE CLASS RTOS Condition cause : null
2024-01-04 13:59:49,710 [WARN] ConditionMgr:1039 - genDependencies : Invalid condition id : UX DEVICE CLASS RTOS Condition cause : null
2024-01-04 13:59:49,710 [WARN] ConditionMgr:1039 - genDependencies : Invalid condition id : UX DEVICE CLASS RTOS Condition cause : null
2024-01-04 13:59:49,736 [WARN] PackLoader:240 - Cannot read IP mode file for STMicroelectronics.X-CUBE-NFC7.1.0.1
2024-01-04 13:59:49,763 [WARN] PackLoader:240 - Cannot read IP mode file for STMicroelectronics.X-CUBE-NFC7.1.0.0
2024-01-04 13:59:49,793 [WARN] PackLoader:240 - Cannot read IP mode file for STMicroelectronics.X-CUBE-NFC6.3.0.0
2024-01-04 13:59:49,819 [WARN] PackLoader:240 - Cannot read IP mode file for STMicroelectronics.X-CUBE-EEPRMA1.4.1.0
2024-01-04 13:59:49,842 [WARN] PackLoader:240 - Cannot read IP mode file for STMicroelectronics.X-CUBE-AI.8.1.0
2024-01-04 13:59:49,900 [WARN] ConditionMgr:438 - getConditionDescription Invalid condition id : LAN8742 Phy interface Condition cause : null
2024-01-04 13:59:49,901 [WARN] PackLoader:240 - Cannot read IP mode file for STMicroelectronics.X-CUBE-AZRTOS-L4.2.0.0
2024-01-04 13:59:49,904 [WARN] ConditionMgr:1039 - genDependencies : Invalid condition id : LAN8742 Phy interface Condition cause : null
2024-01-04 13:59:49,905 [WARN] ConditionMgr:1039 - genDependencies : Invalid condition id : LAN8742 Phy interface Condition cause : null
2024-01-04 13:59:49,906 [WARN] ConditionMgr:1039 - genDependencies : Invalid condition id : LAN8742 Phy interface Condition cause : null
2024-01-04 13:59:49,936 [WARN] PackLoader:240 - Cannot read IP mode file for STMicroelectronics.X-CUBE-SFXS2LP1.4.0.0
2024-01-04 13:59:49,961 [WARN] PackLoader:240 - Cannot read IP mode file for STMicroelectronics.X-CUBE-ISPU.1.1.0
2024-01-04 13:59:49,984 [WARN] PackLoader:240 - Cannot read IP mode file for STMicroelectronics.X-CUBE-AI.8.0.0
2024-01-04 13:59:50,031 [WARN] ConditionMgr:438 - getConditionDescription Invalid condition id : UX DEVICE CLASS RTOS Condition cause : null
2024-01-04 13:59:50,031 [WARN] ConditionMgr:438 - getConditionDescription Invalid condition id : UX DEVICE CLASS RTOS Condition cause : null
2024-01-04 13:59:50,035 [WARN] PackLoader:240 - Cannot read IP mode file for STMicroelectronics.X-CUBE-AZRTOS-WB.2.0.0
2024-01-04 13:59:50,036 [WARN] ConditionMgr:1039 - genDependencies : Invalid condition id : UX DEVICE CLASS RTOS Condition cause : null
2024-01-04 13:59:50,036 [WARN] ConditionMgr:1039 - genDependencies : Invalid condition id : UX DEVICE CLASS RTOS Condition cause : null
2024-01-04 13:59:50,037 [WARN] ConditionMgr:1039 - genDependencies : Invalid condition id : UX DEVICE CLASS RTOS Condition cause : null
2024-01-04 13:59:50,037 [WARN] ConditionMgr:1039 - genDependencies : Invalid condition id : UX DEVICE CLASS RTOS Condition cause : null
2024-01-04 13:59:50,038 [WARN] ConditionMgr:1039 - genDependencies : Invalid condition id : UX DEVICE CLASS RTOS Condition cause : null
2024-01-04 13:59:50,061 [WARN] PackLoader:240 - Cannot read IP mode file for STMicroelectronics.X-CUBE-FREERTOS.1.0.1
2024-01-04 13:59:50,112 [WARN] PackLoader:240 - Cannot read IP mode file for STMicroelectronics.X-CUBE-AZRTOS-L5.1.1.0
2024-01-04 13:59:50,148 [WARN] PackLoader:240 - Cannot read IP mode file for STMicroelectronics.X-CUBE-SUBG2.5.0.0
2024-01-04 13:59:50,215 [WARN] PackLoader:240 - Cannot read IP mode file for STMicroelectronics.X-CUBE-TOF1.3.3.1
2024-01-04 13:59:50,310 [WARN] PackLoader:240 - Cannot read IP mode file for STMicroelectronics.X-CUBE-AZRTOS-G4.2.0.0
2024-01-04 13:59:50,373 [WARN] PackLoader:240 - Cannot read IP mode file for STMicroelectronics.X-CUBE-TOF1.3.3.0
2024-01-04 13:59:50,507 [WARN] PackLoader:240 - Cannot read IP mode file for Infineon.AIROC-Wi-Fi-Bluetooth-STM32.1.5.1
2024-01-04 13:59:50,530 [WARN] PackLoader:240 - Cannot read IP mode file for STMicroelectronics.FP-SNS-MOTENVWB1.1.3.0
2024-01-04 13:59:50,548 [WARN] PackLoader:240 - Cannot read IP mode file for STMicroelectronics.FP-SNS-MOTENVWB1.1.3.1
2024-01-04 13:59:50,602 [WARN] PackLoader:240 - Cannot read IP mode file for STMicroelectronics.X-CUBE-AZRTOS-L4.1.0.0
2024-01-04 13:59:50,628 [WARN] PackLoader:240 - Cannot read IP mode file for STMicroelectronics.X-CUBE-ISPU.2.0.0
2024-01-04 13:59:50,723 [WARN] PackLoader:240 - Cannot read IP mode file for STMicroelectronics.X-CUBE-MEMS1.10.0.0
2024-01-04 13:59:50,904 [WARN] PackLoader:240 - Cannot read IP mode file for STMicroelectronics.X-CUBE-FREERTOS.1.1.0
2024-01-04 13:59:50,944 [WARN] PackLoader:240 - Cannot read IP mode file for STMicroelectronics.X-CUBE-AZRTOS-WL.1.0.0
2024-01-04 13:59:50,972 [WARN] PackLoader:240 - Cannot read IP mode file for portGmbH.I-Cube-SoM-uGOAL.1.1.0
2024-01-04 13:59:50,996 [WARN] PackLoader:240 - Cannot read IP mode file for STMicroelectronics.X-CUBE-ALS.1.0.1
2024-01-04 13:59:51,035 [WARN] PackLoader:240 - Cannot read IP mode file for STMicroelectronics.X-CUBE-AZRTOS-WB.1.1.0
2024-01-04 13:59:51,064 [WARN] PackLoader:240 - Cannot read IP mode file for STMicroelectronics.FP-ATR-ASTRA1.2.0.0
2024-01-04 13:59:51,115 [WARN] PackLoader:240 - Cannot read IP mode file for STMicroelectronics.X-CUBE-TOF1.3.4.0
2024-01-04 13:59:51,255 [WARN] PackLoader:240 - Cannot read IP mode file for STMicroelectronics.X-CUBE-AZRTOS-H7.3.2.0
2024-01-04 13:59:51,267 [INFO] ThirdParty:978 - Integrity check success = true
2024-01-04 13:59:51,267 [INFO] IntegrityCheckThread:100 - exiting critical section [integrity check]
2024-01-04 13:59:51,267 [INFO] IntegrityCheckThread:103 - End integrity checks thread
2024-01-04 13:59:51,333 [INFO] Mcu:1946 - Initializing MCU STM32F103C(8-B)Tx STM32F103C8Tx STM32F103C8T6
2024-01-04 13:59:53,453 [INFO] Context:659 - Trying to add GPIOservice into a context  which must be forbidden
2024-01-04 13:59:54,354 [INFO] RtosManager:555 - Registered RTOS mode: class=CMSIS, group=RTOS, mode=CMSIS_V1, owner=FREERTOS
2024-01-04 13:59:54,355 [INFO] RtosManager:555 - Registered RTOS mode: class=CMSIS, group=RTOS2, mode=CMSIS_V2, owner=FREERTOS
2024-01-04 13:59:54,355 [INFO] RtosManager:555 - Registered RTOS mode: class=RTOS, group=Core, mode=CMSIS_V1, owner=FREERTOS
2024-01-04 13:59:54,355 [INFO] RtosManager:555 - Registered RTOS mode: class=RTOS, group=Core, mode=CMSIS_V2, owner=FREERTOS
2024-01-04 13:59:54,356 [WARN] ModelIntegratedComponent:184 - Missing modes for component STMicroelectronics:FreeRTOS:0.0.1:STMicroelectronics:RTOS:FreeRTOS:Core:::10.2.0:
2024-01-04 13:59:54,393 [WARN] ModelIntegratedComponent:63 - No mode defined for component null
2024-01-04 13:59:54,393 [WARN] ModelIntegratedComponent:63 - No mode defined for component null
2024-01-04 13:59:54,393 [WARN] ModelIntegratedComponent:63 - No mode defined for component null
2024-01-04 13:59:54,394 [WARN] ModelIntegratedComponent:63 - No mode defined for component null
2024-01-04 13:59:54,394 [WARN] ModelIntegratedComponent:63 - No mode defined for component null
2024-01-04 13:59:54,394 [WARN] ModelIntegratedComponent:63 - No mode defined for component null
2024-01-04 13:59:54,394 [WARN] ModelIntegratedComponent:63 - No mode defined for component null
2024-01-04 13:59:54,394 [WARN] ModelIntegratedComponent:63 - No mode defined for component null
2024-01-04 13:59:54,394 [WARN] ModelIntegratedComponent:63 - No mode defined for component null
2024-01-04 13:59:54,394 [WARN] ModelIntegratedComponent:63 - No mode defined for component null
2024-01-04 13:59:54,394 [WARN] ModelIntegratedComponent:63 - No mode defined for component null
2024-01-04 13:59:54,394 [WARN] ModelIntegratedComponent:63 - No mode defined for component null
2024-01-04 13:59:54,394 [WARN] ModelIntegratedComponent:63 - No mode defined for component null
2024-01-04 13:59:54,394 [WARN] ModelIntegratedComponent:63 - No mode defined for component null
2024-01-04 13:59:54,394 [WARN] ModelIntegratedComponent:63 - No mode defined for component null
2024-01-04 13:59:54,395 [WARN] ModelIntegratedComponent:63 - No mode defined for component null
2024-01-04 13:59:54,395 [WARN] ModelIntegratedComponent:63 - No mode defined for component null
2024-01-04 13:59:54,395 [WARN] ModelIntegratedComponent:63 - No mode defined for component null
2024-01-04 13:59:54,395 [WARN] ModelIntegratedComponent:63 - No mode defined for component null
2024-01-04 13:59:54,395 [WARN] ModelIntegratedComponent:63 - No mode defined for component null
2024-01-04 13:59:54,395 [WARN] ModelIntegratedComponent:63 - No mode defined for component null
2024-01-04 13:59:54,395 [WARN] ModelIntegratedComponent:63 - No mode defined for component null
2024-01-04 13:59:54,395 [WARN] ModelIntegratedComponent:63 - No mode defined for component null
2024-01-04 13:59:54,395 [WARN] ModelIntegratedComponent:63 - No mode defined for component null
2024-01-04 13:59:54,395 [WARN] ModelIntegratedComponent:63 - No mode defined for component null
2024-01-04 13:59:54,395 [WARN] ModelIntegratedComponent:63 - No mode defined for component null
2024-01-04 13:59:54,395 [WARN] ModelIntegratedComponent:63 - No mode defined for component null
2024-01-04 13:59:54,396 [WARN] ModelIntegratedComponent:63 - No mode defined for component null
2024-01-04 13:59:54,396 [WARN] ModelIntegratedComponent:63 - No mode defined for component null
2024-01-04 13:59:54,396 [WARN] ModelIntegratedComponent:63 - No mode defined for component null
2024-01-04 13:59:54,396 [WARN] ModelIntegratedComponent:63 - No mode defined for component null
2024-01-04 13:59:54,396 [WARN] ModelIntegratedComponent:63 - No mode defined for component null
2024-01-04 13:59:54,396 [WARN] ModelIntegratedComponent:63 - No mode defined for component null
2024-01-04 13:59:54,617 [INFO] ThirdPartyModel:298 - Start build external matchings
2024-01-04 13:59:56,172 [INFO] ThirdPartyModel:316 - End build external matchings
2024-01-04 13:59:56,225 [WARN] IP:2114 - I2C_Coeff_DF not found: check if there is a RefParameter without a condition.
2024-01-04 13:59:56,225 [WARN] IP:2114 - Analog_Filter not found: check if there is a RefParameter without a condition.
2024-01-04 13:59:56,230 [INFO] ImportTextPane:194 - (OptionalMessage_ERROR) IP (RCC) : Parameter (ADCFreqValue) has invalid value (36000000)
2024-01-04 13:59:56,232 [INFO] ImportTextPane:194 - (OptionalMessage_ERROR) IP (RCC) : Invalid parameter (FamilyName)
2024-01-04 13:59:56,232 [INFO] ImportTextPane:194 - (OptionalMessage_ERROR) IP (RCC) : Parameter (MCOFreq_Value) has invalid value (72000000)
2024-01-04 13:59:56,234 [INFO] ImportTextPane:194 - (OptionalMessage_ERROR) IP (RCC) : Parameter (USBFreq_Value) has invalid value (72000000)
2024-01-04 13:59:56,663 [INFO] UtilMem:75 - End LoadConfig() Used Memory: 424643200 Bytes (545259520)
2024-01-04 13:59:57,070 [INFO] ApiDb:581 - Connected to CubeFinder SQLite database (C:\Users\Asus\.stmcufinder\plugins\mcufinder\mcu\cube-finder-db.db)
2024-01-04 13:59:57,253 [INFO] ApiDb:668 - CubeFinder database Data Model version=2.1
2024-01-04 13:59:57,253 [INFO] ApiDb:669 - CubeFinder database Configuration version=3.0.39
2024-01-04 13:59:57,256 [INFO] ApiDb:670 - CubeFinder database generation date=2023-12-08 (1702028721)
2024-01-04 13:59:57,257 [INFO] ApiDb:671 - CubeFinder database FW Pack versions=[FP-ATR-ASTRA1_V2.0.0, FP-SNS-FLIGHT1_V5.0.1, FP-SNS-FLIGHT1_V5.0.2, FP-SNS-MOTENV1_V4.3.1, FP-SNS-MOTENV1_V4.3.2, FP-SNS-MOTENVWB1_V1.3.1, FP-SNS-SMARTAG2_V1.2.0, STM32Cube_FW_C0_V1.1.0, STM32Cube_FW_F4_V1.28.0, STM32Cube_FW_F7_V1.17.0, STM32Cube_FW_G0_V1.6.1, STM32Cube_FW_G4_V1.5.1, STM32Cube_FW_H5_V0.5.1, STM32Cube_FW_H5_V1.1.1, STM32Cube_FW_H5_V1.2.0RC2, STM32Cube_FW_H7_V1.11.0, STM32Cube_FW_L0_V1.12.2, STM32Cube_FW_L5_V1.5.0, STM32Cube_FW_U5_V1.3.0RC4, STM32Cube_FW_U5_V1.4.0, STM32Cube_FW_WBA_V1.0.0RC1, STM32Cube_FW_WBA_V1.1.0RC1, STM32Cube_FW_WBA_V1.2.0, STM32Cube_FW_WBA_V1.2.0RC2, STM32Cube_FW_WB_V1.15.0RC1, STM32Cube_FW_WB_V1.16.0, STM32Cube_FW_WB_V1.16.0RC2, STM32Cube_FW_WB_V1.18.0, STM32Cube_FW_WL_V1.3.0, X-CUBE-ALGOBUILD_V1.3.0, X-CUBE-ALS_V1.0.1, X-CUBE-AZRTOS-F4_V1.1.0, X-CUBE-AZRTOS-F7_V1.1.0, X-CUBE-AZRTOS-G0_V1.1.0, X-CUBE-AZRTOS-G4_V2.0.0, X-CUBE-AZRTOS-H7_V3.1.0, X-CUBE-AZRTOS-L4_V1.0.0, X-CUBE-AZRTOS-L4_V2.0.0, X-CUBE-AZRTOS-L5_V1.1.0, X-CUBE-AZRTOS-WB_V2.0.0, X-CUBE-AZRTOS-WL_V2.0.0, X-CUBE-BLE1_V7.0.0, X-CUBE-BLE2_V3.3.0, X-CUBE-BLEMGR_V3.0.0, X-CUBE-EEPRMA1_V4.1.0, X-CUBE-EEPRMA1_V4.2.0, X-CUBE-FREERTOS_V1.1.0, X-CUBE-GNSS1_V6.0.0, X-CUBE-MEMS1_V10.0.0, X-CUBE-MEMS1_V9.1.0, X-CUBE-MEMS1_V9.4.0, X-CUBE-MEMS1_V9.6.0, X-CUBE-NFC4_V3.0.0, X-CUBE-NFC7_V1.0.1, X-CUBE-SFXS2LP1_V4.0.0, X-CUBE-SUBG2_V5.0.0, X-CUBE-TOF1_V3.4.0]
2024-01-04 14:00:01,104 [INFO] ApiDb:240 - Found 323 in-development CPN: [B-G473E-ZEST1S, B-WB1M-WPAN1, B-WL5M-SUBG1, NUCLEO-C031C6, NUCLEO-H503RB, NUCLEO-H563ZI, NUCLEO-U545RE-Q, NUCLEO-U5A5ZJ-Q, NUCLEO-WBA52CG, STEVAL-PROTEUS1, STEVAL-SMARTAG2, STEVAL-STWINBX1, STM320518-EVAL, STM32C0116-DK, STM32C011D6Y3TR, STM32C011D6Y6TR, STM32C011F4P3, STM32C011F4P6, STM32C011F4U3, STM32C011F4U6TR, STM32C011F6P3, STM32C011F6P6, STM32C011F6U3, STM32C011F6U6TR, STM32C011J4M3, STM32C011J4M6, STM32C011J6M3, STM32C011J6M6, STM32C0316-DK, STM32C031C4T3, STM32C031C4T6, STM32C031C4U3, STM32C031C4U6, STM32C031C6T3, STM32C031C6T6, STM32C031C6U3, STM32C031C6U6, STM32C031F4P3, STM32C031F4P6, STM32C031F6P3, STM32C031F6P6, STM32C031G4U3, STM32C031G4U6, STM32C031G6U3, STM32C031G6U6, STM32C031K4T3, STM32C031K4T6, STM32C031K4U3, STM32C031K4U6, STM32C031K6T3, STM32C031K6T6, STM32C031K6U3, STM32C031K6U6, STM32G071K8TXN, STM32G071K8UXN, STM32G081GBU6N, STM32G081KBT6N, STM32G081KBUXN, STM32G0B1CCT6N, STM32G0B1KCT6, STM32G0B1NEY6TR, STM32G0B1RCT6N, STM32G0C1CCT6, STM32G0C1CCT6N, STM32G0C1CCU6N, STM32G0C1CET6N, STM32G0C1CEU6N, STM32G0C1KCT6, STM32G0C1NEY6TR, STM32G0C1RCI6N, STM32G0C1RCT6N, STM32G0C1REI6N, STM32G0C1RET6N, STM32G0C1VCI6, STM32G0C1VEI6, STM32G471CCT6, STM32G471CCU6, STM32G471CET3, STM32G471CET6, STM32G471CEU3, STM32G471CEU6, STM32G471MCT6, STM32G471MET3, STM32G471MET6, STM32G471MEY6TR, STM32G471QCT6, STM32G471QET3, STM32G471RCT6, STM32G471RET3, STM32G471RET6, STM32G471VCH6, STM32G471VCI6, STM32G471VCT6, STM32G471VEH3, STM32G471VEH6, STM32G471VEI3, STM32G471VEI6, STM32G471VET3, STM32G471VET6, STM32G474CCT6, STM32H503CBT6, STM32H503CBU6, STM32H503EBY6TR, STM32H503KBU6, STM32H503RBT6, STM32H562AGI6, STM32H562AII6, STM32H562IGK6, STM32H562IGT6, STM32H562IIK6, STM32H562IIT6, STM32H562RGT6, STM32H562RGV6, STM32H562RIT6, STM32H562RIV6, STM32H562VGT6, STM32H562VIT6, STM32H562ZGT6, STM32H562ZIT6, STM32H563AGI6, STM32H563AII3Q, STM32H563AII6, STM32H563IGK6, STM32H563IGT6, STM32H563IIK3Q, STM32H563IIK6, STM32H563IIT3Q, STM32H563IIT6, STM32H563MIY3QTR, STM32H563RGT6, STM32H563RGV6, STM32H563RIT6, STM32H563RIV6, STM32H563VGT6, STM32H563VIT3Q, STM32H563VIT6, STM32H563ZGT6, STM32H563ZIT3Q, STM32H563ZIT6, STM32H573AII3Q, STM32H573AII6, STM32H573I-DK, STM32H573IIK3Q, STM32H573IIK6, STM32H573IIT3Q, STM32H573IIT6, STM32H573MIY3QTR, STM32H573RIT6, STM32H573RIV6, STM32H573VIT3Q, STM32H573VIT6, STM32H573ZIT3Q, STM32H573ZIT6, STM32L4R5QGI6STR, STM32MP131AAE3, STM32MP131AAF3, STM32MP131AAG3, STM32MP131CAE3, STM32MP131CAF3, STM32MP131CAG3, STM32MP131DAE7, STM32MP131DAF7, STM32MP131DAG7, STM32MP131FAE7, STM32MP131FAF7, STM32MP131FAG7, STM32MP133AAE3, STM32MP133AAF3, STM32MP133AAG3, STM32MP133CAE3, STM32MP133CAF3, STM32MP133CAG3, STM32MP133DAE7, STM32MP133DAF7, STM32MP133DAG7, STM32MP133FAE7, STM32MP133FAF7, STM32MP133FAG7, STM32MP135AAE3, STM32MP135AAF3, STM32MP135AAG3, STM32MP135CAE3, STM32MP135CAF3, STM32MP135CAG3, STM32MP135DAE7, STM32MP135DAF7, STM32MP135DAG7, STM32MP135F-DK, STM32MP135FAE7, STM32MP135FAF7, STM32MP135FAF7T, STM32MP135FAF7U, STM32MP135FAG7, STM32U535CBT6, STM32U535CBT6Q, STM32U535CBU6, STM32U535CBU6Q, STM32U535CCT6, STM32U535CCT6Q, STM32U535CCU6, STM32U535CCU6Q, STM32U535CET6, STM32U535CET6Q, STM32U535CEU6, STM32U535CEU6Q, STM32U535JEY6QTR, STM32U535NCY6QTR, STM32U535NEY6QTR, STM32U535RBI6, STM32U535RBI6Q, STM32U535RBT6, STM32U535RBT6Q, STM32U535RCI6, STM32U535RCI6Q, STM32U535RCT6, STM32U535RCT6Q, STM32U535REI6, STM32U535REI6Q, STM32U535RET6, STM32U535RET6Q, STM32U535VCI6, STM32U535VCI6Q, STM32U535VCT6, STM32U535VCT6Q, STM32U535VEI6, STM32U535VEI6Q, STM32U535VET6, STM32U535VET6Q, STM32U545CET6, STM32U545CET6Q, STM32U545CEU6, STM32U545CEU6Q, STM32U545JEY6QTR, STM32U545NEY6QTR, STM32U545REI6, STM32U545REI6Q, STM32U545RET6, STM32U545RET6Q, STM32U545VEI6, STM32U545VEI6Q, STM32U545VET6, STM32U545VET6Q, STM32U595AIH6, STM32U595AIH6Q, STM32U595AJH6, STM32U595AJH6Q, STM32U595QII6, STM32U595QII6Q, STM32U595QJI6, STM32U595QJI6Q, STM32U595RIT6, STM32U595RIT6Q, STM32U595RJT6, STM32U595RJT6Q, STM32U595VIT6, STM32U595VIT6Q, STM32U595VJT6, STM32U595VJT6Q, STM32U595ZIT6, STM32U595ZIT6Q, STM32U595ZIY6QTR, STM32U595ZJT6, STM32U595ZJT6Q, STM32U595ZJY6QTR, STM32U599BJY6QTR, STM32U599NIH6Q, STM32U599NJH6Q, STM32U599VIT6Q, STM32U599VJT6, STM32U599VJT6Q, STM32U599ZIT6Q, STM32U599ZIY6QTR, STM32U599ZJT6Q, STM32U599ZJY6QTR, STM32U5A5AJH6, STM32U5A5AJH6Q, STM32U5A5QJI6, STM32U5A5QJI6Q, STM32U5A5RJT6, STM32U5A5RJT6Q, STM32U5A5VJT6, STM32U5A5VJT6Q, STM32U5A5ZJT6, STM32U5A5ZJT6Q, STM32U5A5ZJY6QTR, STM32U5A9BJY6QTR, STM32U5A9J-DK, STM32U5A9NJH6Q, STM32U5A9VJT6Q, STM32U5A9ZJT6Q, STM32U5A9ZJY6QTR, STM32U5F7VIT6, STM32U5F7VIT6Q, STM32U5F7VJT6, STM32U5F7VJT6Q, STM32U5F9BJY6QTR, STM32U5F9NJH6Q, STM32U5F9VIT6Q, STM32U5F9VJT6Q, STM32U5F9ZIJ6QTR, STM32U5F9ZIT6Q, STM32U5F9ZJJ6QTR, STM32U5F9ZJT6Q, STM32U5G7VJT6, STM32U5G7VJT6Q, STM32U5G9BJY6QTR, STM32U5G9J-DK1, STM32U5G9J-DK2, STM32U5G9NJH6Q, STM32U5G9VJT6Q, STM32U5G9ZJJ6QTR, STM32U5G9ZJT6Q, STM32WB1MMCH6, STM32WBA52CEU6, STM32WBA52CEU6T, STM32WBA52CGU6, STM32WBA52CGU6T, STM32WBA52KEU6, STM32WBA52KEU6T, STM32WBA52KGU6, STM32WBA52KGU6T, STM32WL5MOCH6, STM32WL5MOCH6TR]
2024-01-04 14:00:01,110 [INFO] DbMcus:217 - Found 3882 MCUs, 3882 are supported
2024-01-04 14:00:01,112 [INFO] ApiDb:423 - Load user favorites file C:\Users\Asus/.stm32cubeide/favorites.mcus.txt: 0 item(s)
2024-01-04 14:00:01,112 [INFO] ApiDb:427 - User favorites MCUs=[]
2024-01-04 14:00:01,112 [INFO] DbMcus:223 - Set 0 / 0 favorites MCUs
2024-01-04 14:00:01,593 [WARN] ThirdParty:833 - waiting for thirdparty lock release [change project]
2024-01-04 14:00:01,593 [INFO] ThirdParty:835 - entering critical section [change project]
2024-01-04 14:00:01,593 [INFO] ThirdParty:1030 - CMSIS Pack Vendor :STMicroelectronics X-CUBE-ISPU 1.1.0
2024-01-04 14:00:01,593 [INFO] ThirdParty:1030 - CMSIS Pack Vendor :STMicroelectronics USBPD 4.1
2024-01-04 14:00:01,593 [INFO] ThirdParty:1030 - CMSIS Pack Vendor :STMicroelectronics X-CUBE-GNSS1 6.0.0
2024-01-04 14:00:01,593 [INFO] ThirdParty:1030 - CMSIS Pack Vendor :STMicroelectronics USB_HOST 2.0.0
2024-01-04 14:00:01,593 [INFO] ThirdParty:1030 - CMSIS Pack Vendor :STMicroelectronics X-CUBE-AZRTOS-F4 1.1.0
2024-01-04 14:00:01,593 [INFO] ThirdParty:1030 - CMSIS Pack Vendor :STMicroelectronics LIBJPEG 8.0.0
2024-01-04 14:00:01,594 [INFO] ThirdParty:1030 - CMSIS Pack Vendor :STMicroelectronics X-CUBE-SMBUS 2.1.0
2024-01-04 14:00:01,594 [INFO] ThirdParty:1030 - CMSIS Pack Vendor :wolfSSL I-CUBE-wolfSSL 5.6.0
2024-01-04 14:00:01,594 [INFO] ThirdParty:1030 - CMSIS Pack Vendor :STMicroelectronics USB_DEVICE 3.0.0
2024-01-04 14:00:01,594 [INFO] ThirdParty:1030 - CMSIS Pack Vendor :STMicroelectronics X-CUBE-AI 8.0.0
2024-01-04 14:00:01,594 [INFO] ThirdParty:1030 - CMSIS Pack Vendor :STMicroelectronics X-CUBE-AZRTOS-WB 2.0.0
2024-01-04 14:00:01,594 [INFO] ThirdParty:1030 - CMSIS Pack Vendor :STMicroelectronics X-CUBE-FREERTOS 1.0.1
2024-01-04 14:00:01,594 [INFO] ThirdParty:1030 - CMSIS Pack Vendor :STMicroelectronics X-CUBE-TOUCHGFX 4.21.3
2024-01-04 14:00:01,594 [INFO] ThirdParty:1030 - CMSIS Pack Vendor :STMicroelectronics X-CUBE-TOUCHGFX 4.23.0
2024-01-04 14:00:01,594 [INFO] ThirdParty:1030 - CMSIS Pack Vendor :STMicroelectronics X-CUBE-AZRTOS-F7 1.1.0
2024-01-04 14:00:01,595 [INFO] ThirdParty:1030 - CMSIS Pack Vendor :STMicroelectronics X-CUBE-AZRTOS-L5 2.0.0
2024-01-04 14:00:01,595 [INFO] ThirdParty:1030 - CMSIS Pack Vendor :STMicroelectronics USB_DEVICE 2.0.0
2024-01-04 14:00:01,595 [INFO] ThirdParty:1030 - CMSIS Pack Vendor :STMicroelectronics X-CUBE-MEMS1 9.6.0
2024-01-04 14:00:01,595 [INFO] ThirdParty:1030 - CMSIS Pack Vendor :STMicroelectronics X-CUBE-EEPRMA1 4.2.0
2024-01-04 14:00:01,595 [INFO] ThirdParty:1030 - CMSIS Pack Vendor :ITTIA_DB I-CUBE-ITTIADB 8.8.0
2024-01-04 14:00:01,595 [INFO] ThirdParty:1030 - CMSIS Pack Vendor :STMicroelectronics FP-SNS-MOTENV1 4.3.2
2024-01-04 14:00:01,595 [INFO] ThirdParty:1030 - CMSIS Pack Vendor :STMicroelectronics X-CUBE-ALGOBUILD 1.3.0
2024-01-04 14:00:01,595 [INFO] ThirdParty:1030 - CMSIS Pack Vendor :STMicroelectronics X-CUBE-BLE1 6.2.4
2024-01-04 14:00:01,595 [INFO] ThirdParty:1030 - CMSIS Pack Vendor :STMicroelectronics X-CUBE-AZRTOS-L5 1.1.0
2024-01-04 14:00:01,596 [INFO] ThirdParty:1030 - CMSIS Pack Vendor :STMicroelectronics FreeRTOS 0.0.1
2024-01-04 14:00:01,596 [INFO] ThirdParty:1030 - CMSIS Pack Vendor :STMicroelectronics X-CUBE-AZRTOS-G0 1.1.0
2024-01-04 14:00:01,596 [INFO] ThirdParty:1030 - CMSIS Pack Vendor :emotas I-CUBE-CANOPEN 1.1.3
2024-01-04 14:00:01,596 [INFO] ThirdParty:1030 - CMSIS Pack Vendor :STMicroelectronics X-CUBE-BLEMGR 2.0.0
2024-01-04 14:00:01,596 [INFO] ThirdParty:1030 - CMSIS Pack Vendor :STMicroelectronics X-CUBE-NFC4 3.0.0
2024-01-04 14:00:01,596 [INFO] ThirdParty:1030 - CMSIS Pack Vendor :STMicroelectronics X-CUBE-SUBG2 5.0.0
2024-01-04 14:00:01,596 [INFO] ThirdParty:1030 - CMSIS Pack Vendor :STMicroelectronics STM32_WPAN 1.0.0
2024-01-04 14:00:01,596 [INFO] ThirdParty:1030 - CMSIS Pack Vendor :STMicroelectronics lwIP 2.0.3
2024-01-04 14:00:01,596 [INFO] ThirdParty:1030 - CMSIS Pack Vendor :STMicroelectronics FP-SNS-FLIGHT1 5.0.2
2024-01-04 14:00:01,596 [INFO] ThirdParty:1030 - CMSIS Pack Vendor :STMicroelectronics USB_HOST 1.0.0
2024-01-04 14:00:01,597 [INFO] ThirdParty:1030 - CMSIS Pack Vendor :STMicroelectronics X-CUBE-TOF1 3.3.1
2024-01-04 14:00:01,597 [INFO] ThirdParty:1030 - CMSIS Pack Vendor :STMicroelectronics X-CUBE-AZRTOS-G4 2.0.0
2024-01-04 14:00:01,597 [INFO] ThirdParty:1030 - CMSIS Pack Vendor :STMicroelectronics PDM2PCM 3.1.0
2024-01-04 14:00:01,597 [INFO] ThirdParty:1030 - CMSIS Pack Vendor :STMicroelectronics X-CUBE-AZRTOS-H7 3.1.0
2024-01-04 14:00:01,597 [INFO] ThirdParty:1030 - CMSIS Pack Vendor :STMicroelectronics X-CUBE-TOF1 3.3.0
2024-01-04 14:00:01,597 [INFO] ThirdParty:1030 - CMSIS Pack Vendor :Infineon AIROC-Wi-Fi-Bluetooth-STM32 1.5.1
2024-01-04 14:00:01,597 [INFO] ThirdParty:1030 - CMSIS Pack Vendor :STMicroelectronics X-CUBE-BLEMGR 3.0.0
2024-01-04 14:00:01,597 [INFO] ThirdParty:1030 - CMSIS Pack Vendor :STMicroelectronics PDM2PCM 3.3.0
2024-01-04 14:00:01,597 [INFO] ThirdParty:1030 - CMSIS Pack Vendor :STMicroelectronics X-CUBE-DISPLAY 3.0.0
2024-01-04 14:00:01,597 [INFO] ThirdParty:1030 - CMSIS Pack Vendor :STMicroelectronics FP-SNS-MOTENVWB1 1.3.0
2024-01-04 14:00:01,597 [INFO] ThirdParty:1030 - CMSIS Pack Vendor :STMicroelectronics FP-SNS-MOTENVWB1 1.3.1
2024-01-04 14:00:01,597 [INFO] ThirdParty:1030 - CMSIS Pack Vendor :STMicroelectronics X-CUBE-BLE1 7.0.0
2024-01-04 14:00:01,598 [INFO] ThirdParty:1030 - CMSIS Pack Vendor :STMicroelectronics FP-ATR-SIGFOX1 3.2.0
2024-01-04 14:00:01,598 [INFO] ThirdParty:1030 - CMSIS Pack Vendor :STMicroelectronics X-CUBE-AZRTOS-L4 1.0.0
2024-01-04 14:00:01,598 [INFO] ThirdParty:1030 - CMSIS Pack Vendor :STMicroelectronics X-CUBE-ISPU 2.0.0
2024-01-04 14:00:01,598 [INFO] ThirdParty:1030 - CMSIS Pack Vendor :STMicroelectronics HAL Drivers 0.0.0
2024-01-04 14:00:01,599 [INFO] ThirdParty:1030 - CMSIS Pack Vendor :STMicroelectronics MBEDTLS 2.16.2
2024-01-04 14:00:01,599 [INFO] ThirdParty:1030 - CMSIS Pack Vendor :STMicroelectronics X-CUBE-MEMS1 10.0.0
2024-01-04 14:00:01,599 [INFO] ThirdParty:1030 - CMSIS Pack Vendor :STMicroelectronics X-CUBE-FREERTOS 1.1.0
2024-01-04 14:00:01,599 [INFO] ThirdParty:1030 - CMSIS Pack Vendor :STMicroelectronics X-CUBE-NFC7 1.0.1
2024-01-04 14:00:01,599 [INFO] ThirdParty:1030 - CMSIS Pack Vendor :STMicroelectronics MBEDTLS 2.14.1
2024-01-04 14:00:01,599 [INFO] ThirdParty:1030 - CMSIS Pack Vendor :STMicroelectronics X-CUBE-NFC7 1.0.0
2024-01-04 14:00:01,599 [INFO] ThirdParty:1030 - CMSIS Pack Vendor :STMicroelectronics X-CUBE-TOUCHGFX 4.22.1
2024-01-04 14:00:01,599 [INFO] ThirdParty:1030 - CMSIS Pack Vendor :STMicroelectronics X-CUBE-AZRTOS-WL 1.0.0
2024-01-04 14:00:01,599 [INFO] ThirdParty:1030 - CMSIS Pack Vendor :STMicroelectronics X-CUBE-NFC6 3.0.0
2024-01-04 14:00:01,599 [INFO] ThirdParty:1030 - CMSIS Pack Vendor :STMicroelectronics X-CUBE-EEPRMA1 4.1.0
2024-01-04 14:00:01,599 [INFO] ThirdParty:1030 - CMSIS Pack Vendor :portGmbH I-Cube-SoM-uGOAL 1.1.0
2024-01-04 14:00:01,599 [INFO] ThirdParty:1030 - CMSIS Pack Vendor :STMicroelectronics X-CUBE-ALS 1.0.1
2024-01-04 14:00:01,599 [INFO] ThirdParty:1030 - CMSIS Pack Vendor :STMicroelectronics ThreadX 1.0.0
2024-01-04 14:00:01,599 [INFO] ThirdParty:1030 - CMSIS Pack Vendor :STMicroelectronics FP-SNS-SMARTAG2 1.2.0
2024-01-04 14:00:01,599 [INFO] ThirdParty:1030 - CMSIS Pack Vendor :STMicroelectronics X-CUBE-AZRTOS-WB 1.1.0
2024-01-04 14:00:01,600 [INFO] ThirdParty:1030 - CMSIS Pack Vendor :STMicroelectronics X-CUBE-AZRTOS-WL 2.0.0
2024-01-04 14:00:01,600 [INFO] ThirdParty:1030 - CMSIS Pack Vendor :SEGGER I-CUBE-embOS 1.3.1
2024-01-04 14:00:01,600 [INFO] ThirdParty:1030 - CMSIS Pack Vendor :STMicroelectronics USB_DEVICE 1.0.0
2024-01-04 14:00:01,600 [INFO] ThirdParty:1030 - CMSIS Pack Vendor :STMicroelectronics X-CUBE-AI 8.1.0
2024-01-04 14:00:01,600 [INFO] ThirdParty:1030 - CMSIS Pack Vendor :STMicroelectronics X-CUBE-AZRTOS-L4 2.0.0
2024-01-04 14:00:01,600 [INFO] ThirdParty:1030 - CMSIS Pack Vendor :STMicroelectronics ThreadX 0.0.2
2024-01-04 14:00:01,600 [INFO] ThirdParty:1030 - CMSIS Pack Vendor :WES I-CUBE-Cesium 1.3.0
2024-01-04 14:00:01,600 [INFO] ThirdParty:1030 - CMSIS Pack Vendor :STMicroelectronics FP-ATR-ASTRA1 2.0.0
2024-01-04 14:00:01,600 [INFO] ThirdParty:1030 - CMSIS Pack Vendor :STMicroelectronics lwIP 2.1.2
2024-01-04 14:00:01,600 [INFO] ThirdParty:1030 - CMSIS Pack Vendor :STMicroelectronics X-CUBE-SFXS2LP1 4.0.0
2024-01-04 14:00:01,601 [INFO] ThirdParty:1030 - CMSIS Pack Vendor :STMicroelectronics X-CUBE-BLE2 3.3.0
2024-01-04 14:00:01,601 [INFO] ThirdParty:1030 - CMSIS Pack Vendor :STMicroelectronics X-CUBE-TOF1 3.4.0
2024-01-04 14:00:01,601 [INFO] ThirdParty:1030 - CMSIS Pack Vendor :STMicroelectronics X-CUBE-AZRTOS-H7 3.2.0
2024-01-04 14:00:01,601 [INFO] ThirdParty:1030 - CMSIS Pack Vendor :STMicroelectronics PDM2PCM 3.2.0
2024-01-04 14:00:01,601 [INFO] ThirdParty:841 - exiting critical section [change project]
2024-01-04 14:00:02,203 [INFO] PinOutPanel:1499 - setPackage(No Configuration,No Configuration)
2024-01-04 14:00:02,207 [INFO] PinOutPanel:1499 - setPackage(STM32F103C8Tx,LQFP48)
2024-01-04 14:00:03,176 [INFO] UtilMem:75 - Before build in PCC Used Memory: 348978120 Bytes (545259520)
2024-01-04 14:00:04,837 [INFO] UtilMem:75 - After build in PCC Used Memory: 436010016 Bytes (545259520)
2024-01-04 14:00:04,891 [INFO] IPUIPlugin:80 - create IPUIPlugin
2024-01-04 14:00:04,891 [INFO] IPUIPlugin:80 - create IPUIPlugin
2024-01-04 14:00:04,891 [INFO] IPUIPlugin:80 - create IPUIPlugin
2024-01-04 14:00:04,892 [INFO] IPUIPlugin:80 - create IPUIPlugin
2024-01-04 14:00:04,892 [INFO] IPUIPlugin:80 - create IPUIPlugin
2024-01-04 14:00:04,892 [INFO] IPUIPlugin:80 - create IPUIPlugin
2024-01-04 14:00:04,892 [INFO] IPUIPlugin:80 - create IPUIPlugin
2024-01-04 14:00:04,893 [INFO] IPUIPlugin:80 - create IPUIPlugin
2024-01-04 14:00:04,893 [INFO] IPUIPlugin:80 - create IPUIPlugin
2024-01-04 14:00:04,893 [INFO] IPUIPlugin:80 - create IPUIPlugin
2024-01-04 14:00:04,894 [INFO] IPUIPlugin:80 - create IPUIPlugin
2024-01-04 14:00:04,894 [INFO] IPUIPlugin:80 - create IPUIPlugin
2024-01-04 14:00:04,894 [INFO] IPUIPlugin:80 - create IPUIPlugin
2024-01-04 14:00:04,895 [INFO] IPUIPlugin:80 - create IPUIPlugin
2024-01-04 14:00:04,895 [INFO] IPUIPlugin:80 - create IPUIPlugin
2024-01-04 14:00:04,895 [INFO] IPUIPlugin:80 - create IPUIPlugin
2024-01-04 14:00:04,896 [INFO] IPUIPlugin:80 - create IPUIPlugin
2024-01-04 14:00:04,896 [INFO] IPUIPlugin:80 - create IPUIPlugin
2024-01-04 14:00:04,897 [INFO] IPUIPlugin:80 - create IPUIPlugin
2024-01-04 14:00:04,897 [INFO] IPUIPlugin:80 - create IPUIPlugin
2024-01-04 14:00:04,898 [INFO] IPUIPlugin:80 - create IPUIPlugin
2024-01-04 14:00:04,898 [INFO] IPUIPlugin:80 - create IPUIPlugin
2024-01-04 14:00:04,899 [INFO] IPUIPlugin:80 - create IPUIPlugin
2024-01-04 14:00:04,899 [INFO] IPUIPlugin:80 - create IPUIPlugin
2024-01-04 14:00:04,900 [INFO] IPUIPlugin:80 - create IPUIPlugin
2024-01-04 14:00:04,901 [INFO] IPUIPlugin:80 - create IPUIPlugin
2024-01-04 14:00:04,901 [INFO] IPUIPlugin:80 - create IPUIPlugin
2024-01-04 14:00:04,935 [INFO] Can:71 - Can Add PropertyChangeListener com.st.microxplorer.plugins.ip.can.Can@1d5fa897
2024-01-04 14:00:04,939 [WARN] IP:2114 - I2C_Coeff_DF not found: check if there is a RefParameter without a condition.
2024-01-04 14:00:04,939 [WARN] IP:2114 - Analog_Filter not found: check if there is a RefParameter without a condition.
2024-01-04 14:00:05,430 [INFO] CADModel:165 - CPN selected for project levelSTM32F103C8T6
2024-01-04 14:00:05,430 [INFO] CADModel:114 - Register for checkConnection events
2024-01-04 14:00:05,508 [INFO] OpenFileManager:328 - Restore cursor
2024-01-04 14:00:05,875 [WARN] IP:2114 - I2C_Coeff_DF not found: check if there is a RefParameter without a condition.
2024-01-04 14:00:05,877 [WARN] IP:2114 - Analog_Filter not found: check if there is a RefParameter without a condition.
2024-01-04 14:00:05,879 [WARN] IP:2114 - I2C_Coeff_DF not found: check if there is a RefParameter without a condition.
2024-01-04 14:00:05,879 [WARN] IP:2114 - Analog_Filter not found: check if there is a RefParameter without a condition.
2024-01-04 14:00:27,858 [WARN] IP:2114 - I2C_Coeff_DF not found: check if there is a RefParameter without a condition.
2024-01-04 14:00:27,858 [WARN] IP:2114 - Analog_Filter not found: check if there is a RefParameter without a condition.
2024-01-04 14:00:27,859 [WARN] IP:2114 - I2C_Coeff_DF not found: check if there is a RefParameter without a condition.
2024-01-04 14:00:27,859 [WARN] IP:2114 - Analog_Filter not found: check if there is a RefParameter without a condition.
2024-01-04 14:00:38,303 [INFO] UtilMem:75 - End SaveConfig() Used Memory: 282749216 Bytes (545259520)
2024-01-04 14:00:39,340 [INFO] UtilMem:75 - End SaveConfig() Used Memory: 297573288 Bytes (545259520)
2024-01-04 14:00:41,437 [INFO] UtilMem:75 - End SaveConfig() Used Memory: 363108120 Bytes (545259520)
2024-01-04 14:00:42,583 [INFO] BlockDiagram:2759 - set Specific Code input for plugin: NVIC
2024-01-04 14:00:42,583 [INFO] BlockDiagram:2759 - set Specific Code input for plugin: USART
2024-01-04 14:00:42,585 [INFO] BlockDiagram:2759 - set Specific Code input for plugin: GPIO
2024-01-04 14:00:42,585 [INFO] BlockDiagram:2759 - set Specific Code input for plugin: CAN
2024-01-04 14:00:42,586 [INFO] BlockDiagram:2759 - set Specific Code input for plugin: RCC
2024-01-04 14:00:42,586 [INFO] BlockDiagram:2759 - set Specific Code input for plugin: I2C
2024-01-04 14:00:42,588 [INFO] CodeGenerator:799 - code generatio: config db path: C:\ST\STM32CubeIDE_1.12.0\STM32CubeIDE\plugins\com.st.stm32cube.common.mx_6.9.2.202309101412\\db\
2024-01-04 14:00:42,608 [WARN] IP:2114 - I2C_Coeff_DF not found: check if there is a RefParameter without a condition.
2024-01-04 14:00:42,609 [WARN] IP:2114 - Analog_Filter not found: check if there is a RefParameter without a condition.
2024-01-04 14:00:43,213 [INFO] CodeEngine:255 - oldGeneratedFile, D:\CE437\Lab\Lab5\Sensor\MXTmpFiles\license.tmp_save
2024-01-04 14:00:44,046 [INFO] CodeEngine:279 - Generated code: D:\CE437\Lab\Lab5\Sensor\MXTmpFiles\license.tmp
2024-01-04 14:00:44,321 [INFO] CodeEngine:255 - oldGeneratedFile, D:\CE437\Lab\Lab5\Sensor\MXTmpFiles\gpio.tmp_save
2024-01-04 14:00:44,729 [INFO] CodeEngine:279 - Generated code: D:\CE437\Lab\Lab5\Sensor\MXTmpFiles\gpio.tmp
2024-01-04 14:00:45,191 [INFO] CodeEngine:255 - oldGeneratedFile, D:\CE437\Lab\Lab5\Sensor\Core\Src\stm32f1xx_it.c_save
2024-01-04 14:00:45,607 [INFO] CodeEngine:279 - Generated code: D:\CE437\Lab\Lab5\Sensor\Core\Src\stm32f1xx_it.c
2024-01-04 14:00:45,655 [INFO] CodeEngine:255 - oldGeneratedFile, D:\CE437\Lab\Lab5\Sensor\Core\Inc\stm32f1xx_it.h_save
2024-01-04 14:00:45,934 [INFO] CodeEngine:279 - Generated code: D:\CE437\Lab\Lab5\Sensor\Core\Inc\stm32f1xx_it.h
2024-01-04 14:00:46,100 [INFO] CodeEngine:255 - oldGeneratedFile, D:\CE437\Lab\Lab5\Sensor\Core\Src\stm32f1xx_hal_msp.c_save
2024-01-04 14:00:46,465 [INFO] CodeEngine:279 - Generated code: D:\CE437\Lab\Lab5\Sensor\Core\Src\stm32f1xx_hal_msp.c
2024-01-04 14:00:46,512 [INFO] CodeEngine:255 - oldGeneratedFile, D:\CE437\Lab\Lab5\Sensor\MXTmpFiles\system.tmp_save
2024-01-04 14:00:46,980 [INFO] CodeEngine:279 - Generated code: D:\CE437\Lab\Lab5\Sensor\MXTmpFiles\system.tmp
2024-01-04 14:00:47,060 [INFO] CodeEngine:311 - oldGeneratedFile, D:\CE437\Lab\Lab5\Sensor\Core\Inc\stm32f1xx_hal_conf.h_save
2024-01-04 14:00:47,380 [INFO] CodeEngine:335 - Generated code: D:\CE437\Lab\Lab5\Sensor\Core\Inc\stm32f1xx_hal_conf.h
2024-01-04 14:00:47,676 [INFO] CodeEngine:255 - oldGeneratedFile, D:\CE437\Lab\Lab5\Sensor\Core\Inc\main.h_save
2024-01-04 14:00:48,127 [INFO] CodeEngine:279 - Generated code: D:\CE437\Lab\Lab5\Sensor\Core\Inc\main.h
2024-01-04 14:00:48,185 [INFO] CodeEngine:255 - oldGeneratedFile, D:\CE437\Lab\Lab5\Sensor\Core\Src\main.c_save
2024-01-04 14:00:48,632 [INFO] CodeEngine:279 - Generated code: D:\CE437\Lab\Lab5\Sensor\Core\Src\main.c
2024-01-04 14:00:50,065 [INFO] ProjectBuilder:3064 - Time for Copy HAL[1] : 357mS.
2024-01-04 14:00:50,080 [INFO] ProjectBuilder:4404 - Project Generator version: 4.1.0
2024-01-04 14:00:50,768 [INFO] ConfigFileManager:1457 - The Die is : DIE410
2024-01-04 14:00:50,830 [INFO] ApiDbMcu:507 - Load IP Config File for FATFS
2024-01-04 14:00:50,925 [INFO] ApiDbMcu:507 - Load IP Config File for FREERTOS
2024-01-04 14:00:51,014 [INFO] ApiDbMcu:507 - Load IP Config File for USB_DEVICE
2024-01-04 14:00:53,294 [INFO] LogOutputStream:77 - [STDOUT_REDIRECT] 
2024-01-04 14:00:57,359 [INFO] ProjectBuilder:4626 - Time for Generating toolchain IDE Files: 7276mS.
2024-01-04 14:00:57,361 [INFO] ProjectBuilder:2935 - Time for Copy CMSIS : 1mS.
2024-01-04 14:00:57,364 [INFO] ProjectBuilder:2935 - Time for Copy CMSIS : 0mS.
2024-01-04 14:18:56,239 [WARN] IP:2114 - I2C_Coeff_DF not found: check if there is a RefParameter without a condition.
2024-01-04 14:18:56,247 [WARN] IP:2114 - Analog_Filter not found: check if there is a RefParameter without a condition.
2024-01-04 14:18:56,248 [WARN] IP:2114 - I2C_Coeff_DF not found: check if there is a RefParameter without a condition.
2024-01-04 14:18:56,249 [WARN] IP:2114 - Analog_Filter not found: check if there is a RefParameter without a condition.
2024-01-04 14:18:56,394 [WARN] IP:2114 - I2C_Coeff_DF not found: check if there is a RefParameter without a condition.
2024-01-04 14:18:56,394 [WARN] IP:2114 - Analog_Filter not found: check if there is a RefParameter without a condition.
2024-01-04 14:18:56,396 [WARN] IP:2114 - I2C_Coeff_DF not found: check if there is a RefParameter without a condition.
2024-01-04 14:18:56,396 [WARN] IP:2114 - Analog_Filter not found: check if there is a RefParameter without a condition.
2024-01-04 14:26:03,293 [INFO] MainUpdater:2868 - connection check result : 10
2024-01-04 14:26:03,293 [INFO] MainUpdater:2868 - connection check result : 10
2024-01-04 14:26:03,334 [INFO] MicroXplorer:468 - Change Database Path : 
2024-01-04 14:26:03,335 [INFO] MicroXplorer:498 - Change Database Version : DB.6.0.92
2024-01-04 14:26:03,411 [WARN] ThirdParty:871 - waiting for thirdparty lock release [close project]
2024-01-04 14:26:03,411 [INFO] ThirdParty:873 - entering critical section [close project]
2024-01-04 14:26:03,412 [INFO] ThirdParty:883 - exiting critical section [close project]
2024-01-04 14:26:03,418 [INFO] PinOutPanel:1499 - setPackage(No Configuration,No Configuration)
2024-01-04 14:26:03,430 [INFO] UtilMem:75 - Begin LoadConfig() Used Memory: 411226976 Bytes (910163968)
2024-01-04 14:26:03,432 [INFO] MicroXplorer:468 - Change Database Path : 
2024-01-04 14:26:03,432 [INFO] MicroXplorer:498 - Change Database Version : DB.6.0.92
2024-01-04 14:26:03,434 [INFO] OpenFileManager:308 - Change cursor
2024-01-04 14:26:03,488 [INFO] RulesReader:64 - Compatibility file has been processed (293 Rules)
2024-01-04 14:26:03,496 [INFO] Mcu:1946 - Initializing MCU STM32F103C(8-B)Tx STM32F103C8Tx STM32F103C8T6
2024-01-04 14:26:04,762 [INFO] Context:659 - Trying to add GPIOservice into a context  which must be forbidden
2024-01-04 14:26:05,405 [INFO] RtosManager:555 - Registered RTOS mode: class=CMSIS, group=RTOS, mode=CMSIS_V1, owner=FREERTOS
2024-01-04 14:26:05,405 [INFO] RtosManager:555 - Registered RTOS mode: class=CMSIS, group=RTOS2, mode=CMSIS_V2, owner=FREERTOS
2024-01-04 14:26:05,406 [INFO] RtosManager:555 - Registered RTOS mode: class=RTOS, group=Core, mode=CMSIS_V1, owner=FREERTOS
2024-01-04 14:26:05,406 [INFO] RtosManager:555 - Registered RTOS mode: class=RTOS, group=Core, mode=CMSIS_V2, owner=FREERTOS
2024-01-04 14:26:05,406 [WARN] ModelIntegratedComponent:184 - Missing modes for component STMicroelectronics:FreeRTOS:0.0.1:STMicroelectronics:RTOS:FreeRTOS:Core:::10.2.0:
2024-01-04 14:26:05,424 [WARN] ModelIntegratedComponent:63 - No mode defined for component null
2024-01-04 14:26:05,424 [WARN] ModelIntegratedComponent:63 - No mode defined for component null
2024-01-04 14:26:05,424 [WARN] ModelIntegratedComponent:63 - No mode defined for component null
2024-01-04 14:26:05,424 [WARN] ModelIntegratedComponent:63 - No mode defined for component null
2024-01-04 14:26:05,424 [WARN] ModelIntegratedComponent:63 - No mode defined for component null
2024-01-04 14:26:05,424 [WARN] ModelIntegratedComponent:63 - No mode defined for component null
2024-01-04 14:26:05,424 [WARN] ModelIntegratedComponent:63 - No mode defined for component null
2024-01-04 14:26:05,424 [WARN] ModelIntegratedComponent:63 - No mode defined for component null
2024-01-04 14:26:05,424 [WARN] ModelIntegratedComponent:63 - No mode defined for component null
2024-01-04 14:26:05,424 [WARN] ModelIntegratedComponent:63 - No mode defined for component null
2024-01-04 14:26:05,424 [WARN] ModelIntegratedComponent:63 - No mode defined for component null
2024-01-04 14:26:05,425 [WARN] ModelIntegratedComponent:63 - No mode defined for component null
2024-01-04 14:26:05,425 [WARN] ModelIntegratedComponent:63 - No mode defined for component null
2024-01-04 14:26:05,425 [WARN] ModelIntegratedComponent:63 - No mode defined for component null
2024-01-04 14:26:05,425 [WARN] ModelIntegratedComponent:63 - No mode defined for component null
2024-01-04 14:26:05,425 [WARN] ModelIntegratedComponent:63 - No mode defined for component null
2024-01-04 14:26:05,426 [WARN] ModelIntegratedComponent:63 - No mode defined for component null
2024-01-04 14:26:05,426 [WARN] ModelIntegratedComponent:63 - No mode defined for component null
2024-01-04 14:26:05,426 [WARN] ModelIntegratedComponent:63 - No mode defined for component null
2024-01-04 14:26:05,426 [WARN] ModelIntegratedComponent:63 - No mode defined for component null
2024-01-04 14:26:05,426 [WARN] ModelIntegratedComponent:63 - No mode defined for component null
2024-01-04 14:26:05,426 [WARN] ModelIntegratedComponent:63 - No mode defined for component null
2024-01-04 14:26:05,426 [WARN] ModelIntegratedComponent:63 - No mode defined for component null
2024-01-04 14:26:05,427 [WARN] ModelIntegratedComponent:63 - No mode defined for component null
2024-01-04 14:26:05,427 [WARN] ModelIntegratedComponent:63 - No mode defined for component null
2024-01-04 14:26:05,427 [WARN] ModelIntegratedComponent:63 - No mode defined for component null
2024-01-04 14:26:05,427 [WARN] ModelIntegratedComponent:63 - No mode defined for component null
2024-01-04 14:26:05,427 [WARN] ModelIntegratedComponent:63 - No mode defined for component null
2024-01-04 14:26:05,427 [WARN] ModelIntegratedComponent:63 - No mode defined for component null
2024-01-04 14:26:05,427 [WARN] ModelIntegratedComponent:63 - No mode defined for component null
2024-01-04 14:26:05,427 [WARN] ModelIntegratedComponent:63 - No mode defined for component null
2024-01-04 14:26:05,428 [WARN] ModelIntegratedComponent:63 - No mode defined for component null
2024-01-04 14:26:05,428 [WARN] ModelIntegratedComponent:63 - No mode defined for component null
2024-01-04 14:26:05,611 [INFO] ThirdPartyModel:298 - Start build external matchings
2024-01-04 14:26:09,348 [INFO] ThirdPartyModel:316 - End build external matchings
2024-01-04 14:26:09,383 [WARN] IP:2114 - I2C_Coeff_DF not found: check if there is a RefParameter without a condition.
2024-01-04 14:26:09,383 [WARN] IP:2114 - Analog_Filter not found: check if there is a RefParameter without a condition.
2024-01-04 14:26:09,384 [INFO] ImportTextPane:194 - (OptionalMessage_ERROR) IP (RCC) : Parameter (ADCFreqValue) has invalid value (36000000)
2024-01-04 14:26:09,385 [INFO] ImportTextPane:194 - (OptionalMessage_ERROR) IP (RCC) : Invalid parameter (FamilyName)
2024-01-04 14:26:09,385 [INFO] ImportTextPane:194 - (OptionalMessage_ERROR) IP (RCC) : Parameter (MCOFreq_Value) has invalid value (72000000)
2024-01-04 14:26:09,386 [INFO] ImportTextPane:194 - (OptionalMessage_ERROR) IP (RCC) : Parameter (USBFreq_Value) has invalid value (72000000)
2024-01-04 14:26:09,770 [INFO] UtilMem:75 - End LoadConfig() Used Memory: 790378752 Bytes (961544192)
2024-01-04 14:26:09,844 [WARN] ThirdParty:833 - waiting for thirdparty lock release [change project]
2024-01-04 14:26:09,845 [INFO] ThirdParty:835 - entering critical section [change project]
2024-01-04 14:26:09,845 [INFO] ThirdParty:1030 - CMSIS Pack Vendor :STMicroelectronics X-CUBE-ISPU 1.1.0
2024-01-04 14:26:09,845 [INFO] ThirdParty:1030 - CMSIS Pack Vendor :STMicroelectronics USBPD 4.1
2024-01-04 14:26:09,846 [INFO] ThirdParty:1030 - CMSIS Pack Vendor :STMicroelectronics X-CUBE-GNSS1 6.0.0
2024-01-04 14:26:09,846 [INFO] ThirdParty:1030 - CMSIS Pack Vendor :STMicroelectronics USB_HOST 2.0.0
2024-01-04 14:26:09,846 [INFO] ThirdParty:1030 - CMSIS Pack Vendor :STMicroelectronics X-CUBE-AZRTOS-F4 1.1.0
2024-01-04 14:26:09,846 [INFO] ThirdParty:1030 - CMSIS Pack Vendor :STMicroelectronics LIBJPEG 8.0.0
2024-01-04 14:26:09,846 [INFO] ThirdParty:1030 - CMSIS Pack Vendor :STMicroelectronics X-CUBE-SMBUS 2.1.0
2024-01-04 14:26:09,846 [INFO] ThirdParty:1030 - CMSIS Pack Vendor :wolfSSL I-CUBE-wolfSSL 5.6.0
2024-01-04 14:26:09,846 [INFO] ThirdParty:1030 - CMSIS Pack Vendor :STMicroelectronics USB_DEVICE 3.0.0
2024-01-04 14:26:09,846 [INFO] ThirdParty:1030 - CMSIS Pack Vendor :STMicroelectronics X-CUBE-AI 8.0.0
2024-01-04 14:26:09,847 [INFO] ThirdParty:1030 - CMSIS Pack Vendor :STMicroelectronics X-CUBE-AZRTOS-WB 2.0.0
2024-01-04 14:26:09,847 [INFO] ThirdParty:1030 - CMSIS Pack Vendor :STMicroelectronics X-CUBE-FREERTOS 1.0.1
2024-01-04 14:26:09,847 [INFO] ThirdParty:1030 - CMSIS Pack Vendor :STMicroelectronics X-CUBE-TOUCHGFX 4.21.3
2024-01-04 14:26:09,847 [INFO] ThirdParty:1030 - CMSIS Pack Vendor :STMicroelectronics X-CUBE-TOUCHGFX 4.23.0
2024-01-04 14:26:09,847 [INFO] ThirdParty:1030 - CMSIS Pack Vendor :STMicroelectronics X-CUBE-AZRTOS-F7 1.1.0
2024-01-04 14:26:09,847 [INFO] ThirdParty:1030 - CMSIS Pack Vendor :STMicroelectronics X-CUBE-AZRTOS-L5 2.0.0
2024-01-04 14:26:09,847 [INFO] ThirdParty:1030 - CMSIS Pack Vendor :STMicroelectronics USB_DEVICE 2.0.0
2024-01-04 14:26:09,847 [INFO] ThirdParty:1030 - CMSIS Pack Vendor :STMicroelectronics X-CUBE-MEMS1 9.6.0
2024-01-04 14:26:09,848 [INFO] ThirdParty:1030 - CMSIS Pack Vendor :STMicroelectronics X-CUBE-EEPRMA1 4.2.0
2024-01-04 14:26:09,848 [INFO] ThirdParty:1030 - CMSIS Pack Vendor :ITTIA_DB I-CUBE-ITTIADB 8.8.0
2024-01-04 14:26:09,848 [INFO] ThirdParty:1030 - CMSIS Pack Vendor :STMicroelectronics FP-SNS-MOTENV1 4.3.2
2024-01-04 14:26:09,848 [INFO] ThirdParty:1030 - CMSIS Pack Vendor :STMicroelectronics X-CUBE-ALGOBUILD 1.3.0
2024-01-04 14:26:09,848 [INFO] ThirdParty:1030 - CMSIS Pack Vendor :STMicroelectronics X-CUBE-BLE1 6.2.4
2024-01-04 14:26:09,848 [INFO] ThirdParty:1030 - CMSIS Pack Vendor :STMicroelectronics X-CUBE-AZRTOS-L5 1.1.0
2024-01-04 14:26:09,849 [INFO] ThirdParty:1030 - CMSIS Pack Vendor :STMicroelectronics FreeRTOS 0.0.1
2024-01-04 14:26:09,849 [INFO] ThirdParty:1030 - CMSIS Pack Vendor :STMicroelectronics X-CUBE-AZRTOS-G0 1.1.0
2024-01-04 14:26:09,849 [INFO] ThirdParty:1030 - CMSIS Pack Vendor :emotas I-CUBE-CANOPEN 1.1.3
2024-01-04 14:26:09,849 [INFO] ThirdParty:1030 - CMSIS Pack Vendor :STMicroelectronics X-CUBE-BLEMGR 2.0.0
2024-01-04 14:26:09,849 [INFO] ThirdParty:1030 - CMSIS Pack Vendor :STMicroelectronics X-CUBE-NFC4 3.0.0
2024-01-04 14:26:09,849 [INFO] ThirdParty:1030 - CMSIS Pack Vendor :STMicroelectronics X-CUBE-SUBG2 5.0.0
2024-01-04 14:26:09,849 [INFO] ThirdParty:1030 - CMSIS Pack Vendor :STMicroelectronics STM32_WPAN 1.0.0
2024-01-04 14:26:09,850 [INFO] ThirdParty:1030 - CMSIS Pack Vendor :STMicroelectronics lwIP 2.0.3
2024-01-04 14:26:09,850 [INFO] ThirdParty:1030 - CMSIS Pack Vendor :STMicroelectronics FP-SNS-FLIGHT1 5.0.2
2024-01-04 14:26:09,850 [INFO] ThirdParty:1030 - CMSIS Pack Vendor :STMicroelectronics USB_HOST 1.0.0
2024-01-04 14:26:09,850 [INFO] ThirdParty:1030 - CMSIS Pack Vendor :STMicroelectronics X-CUBE-TOF1 3.3.1
2024-01-04 14:26:09,850 [INFO] ThirdParty:1030 - CMSIS Pack Vendor :STMicroelectronics X-CUBE-AZRTOS-G4 2.0.0
2024-01-04 14:26:09,850 [INFO] ThirdParty:1030 - CMSIS Pack Vendor :STMicroelectronics PDM2PCM 3.1.0
2024-01-04 14:26:09,851 [INFO] ThirdParty:1030 - CMSIS Pack Vendor :STMicroelectronics X-CUBE-AZRTOS-H7 3.1.0
2024-01-04 14:26:09,853 [INFO] ThirdParty:1030 - CMSIS Pack Vendor :STMicroelectronics X-CUBE-TOF1 3.3.0
2024-01-04 14:26:09,853 [INFO] ThirdParty:1030 - CMSIS Pack Vendor :Infineon AIROC-Wi-Fi-Bluetooth-STM32 1.5.1
2024-01-04 14:26:09,853 [INFO] ThirdParty:1030 - CMSIS Pack Vendor :STMicroelectronics X-CUBE-BLEMGR 3.0.0
2024-01-04 14:26:09,853 [INFO] ThirdParty:1030 - CMSIS Pack Vendor :STMicroelectronics PDM2PCM 3.3.0
2024-01-04 14:26:09,853 [INFO] ThirdParty:1030 - CMSIS Pack Vendor :STMicroelectronics X-CUBE-DISPLAY 3.0.0
2024-01-04 14:26:09,853 [INFO] ThirdParty:1030 - CMSIS Pack Vendor :STMicroelectronics FP-SNS-MOTENVWB1 1.3.0
2024-01-04 14:26:09,853 [INFO] ThirdParty:1030 - CMSIS Pack Vendor :STMicroelectronics FP-SNS-MOTENVWB1 1.3.1
2024-01-04 14:26:09,854 [INFO] ThirdParty:1030 - CMSIS Pack Vendor :STMicroelectronics X-CUBE-BLE1 7.0.0
2024-01-04 14:26:09,854 [INFO] ThirdParty:1030 - CMSIS Pack Vendor :STMicroelectronics FP-ATR-SIGFOX1 3.2.0
2024-01-04 14:26:09,854 [INFO] ThirdParty:1030 - CMSIS Pack Vendor :STMicroelectronics X-CUBE-AZRTOS-L4 1.0.0
2024-01-04 14:26:09,854 [INFO] ThirdParty:1030 - CMSIS Pack Vendor :STMicroelectronics X-CUBE-ISPU 2.0.0
2024-01-04 14:26:09,854 [INFO] ThirdParty:1030 - CMSIS Pack Vendor :STMicroelectronics HAL Drivers 0.0.0
2024-01-04 14:26:09,854 [INFO] ThirdParty:1030 - CMSIS Pack Vendor :STMicroelectronics MBEDTLS 2.16.2
2024-01-04 14:26:09,854 [INFO] ThirdParty:1030 - CMSIS Pack Vendor :STMicroelectronics X-CUBE-MEMS1 10.0.0
2024-01-04 14:26:09,854 [INFO] ThirdParty:1030 - CMSIS Pack Vendor :STMicroelectronics X-CUBE-FREERTOS 1.1.0
2024-01-04 14:26:09,854 [INFO] ThirdParty:1030 - CMSIS Pack Vendor :STMicroelectronics X-CUBE-NFC7 1.0.1
2024-01-04 14:26:09,855 [INFO] ThirdParty:1030 - CMSIS Pack Vendor :STMicroelectronics MBEDTLS 2.14.1
2024-01-04 14:26:09,855 [INFO] ThirdParty:1030 - CMSIS Pack Vendor :STMicroelectronics X-CUBE-NFC7 1.0.0
2024-01-04 14:26:09,855 [INFO] ThirdParty:1030 - CMSIS Pack Vendor :STMicroelectronics X-CUBE-TOUCHGFX 4.22.1
2024-01-04 14:26:09,855 [INFO] ThirdParty:1030 - CMSIS Pack Vendor :STMicroelectronics X-CUBE-AZRTOS-WL 1.0.0
2024-01-04 14:26:09,855 [INFO] ThirdParty:1030 - CMSIS Pack Vendor :STMicroelectronics X-CUBE-NFC6 3.0.0
2024-01-04 14:26:09,855 [INFO] ThirdParty:1030 - CMSIS Pack Vendor :STMicroelectronics X-CUBE-EEPRMA1 4.1.0
2024-01-04 14:26:09,855 [INFO] ThirdParty:1030 - CMSIS Pack Vendor :portGmbH I-Cube-SoM-uGOAL 1.1.0
2024-01-04 14:26:09,855 [INFO] ThirdParty:1030 - CMSIS Pack Vendor :STMicroelectronics X-CUBE-ALS 1.0.1
2024-01-04 14:26:09,855 [INFO] ThirdParty:1030 - CMSIS Pack Vendor :STMicroelectronics ThreadX 1.0.0
2024-01-04 14:26:09,856 [INFO] ThirdParty:1030 - CMSIS Pack Vendor :STMicroelectronics FP-SNS-SMARTAG2 1.2.0
2024-01-04 14:26:09,856 [INFO] ThirdParty:1030 - CMSIS Pack Vendor :STMicroelectronics X-CUBE-AZRTOS-WB 1.1.0
2024-01-04 14:26:09,856 [INFO] ThirdParty:1030 - CMSIS Pack Vendor :STMicroelectronics X-CUBE-AZRTOS-WL 2.0.0
2024-01-04 14:26:09,856 [INFO] ThirdParty:1030 - CMSIS Pack Vendor :SEGGER I-CUBE-embOS 1.3.1
2024-01-04 14:26:09,856 [INFO] ThirdParty:1030 - CMSIS Pack Vendor :STMicroelectronics USB_DEVICE 1.0.0
2024-01-04 14:26:09,856 [INFO] ThirdParty:1030 - CMSIS Pack Vendor :STMicroelectronics X-CUBE-AI 8.1.0
2024-01-04 14:26:09,856 [INFO] ThirdParty:1030 - CMSIS Pack Vendor :STMicroelectronics X-CUBE-AZRTOS-L4 2.0.0
2024-01-04 14:26:09,857 [INFO] ThirdParty:1030 - CMSIS Pack Vendor :STMicroelectronics ThreadX 0.0.2
2024-01-04 14:26:09,857 [INFO] ThirdParty:1030 - CMSIS Pack Vendor :WES I-CUBE-Cesium 1.3.0
2024-01-04 14:26:09,857 [INFO] ThirdParty:1030 - CMSIS Pack Vendor :STMicroelectronics FP-ATR-ASTRA1 2.0.0
2024-01-04 14:26:09,857 [INFO] ThirdParty:1030 - CMSIS Pack Vendor :STMicroelectronics lwIP 2.1.2
2024-01-04 14:26:09,857 [INFO] ThirdParty:1030 - CMSIS Pack Vendor :STMicroelectronics X-CUBE-SFXS2LP1 4.0.0
2024-01-04 14:26:09,857 [INFO] ThirdParty:1030 - CMSIS Pack Vendor :STMicroelectronics X-CUBE-BLE2 3.3.0
2024-01-04 14:26:09,857 [INFO] ThirdParty:1030 - CMSIS Pack Vendor :STMicroelectronics X-CUBE-TOF1 3.4.0
2024-01-04 14:26:09,857 [INFO] ThirdParty:1030 - CMSIS Pack Vendor :STMicroelectronics X-CUBE-AZRTOS-H7 3.2.0
2024-01-04 14:26:09,858 [INFO] ThirdParty:1030 - CMSIS Pack Vendor :STMicroelectronics PDM2PCM 3.2.0
2024-01-04 14:26:09,858 [INFO] ThirdParty:841 - exiting critical section [change project]
2024-01-04 14:26:10,186 [INFO] PinOutPanel:1499 - setPackage(No Configuration,No Configuration)
2024-01-04 14:26:10,187 [INFO] PinOutPanel:1499 - setPackage(STM32F103C8Tx,LQFP48)
2024-01-04 14:26:10,738 [INFO] UtilMem:75 - Before build in PCC Used Memory: 274796352 Bytes (961544192)
2024-01-04 14:26:11,375 [INFO] UtilMem:75 - After build in PCC Used Memory: 317271888 Bytes (937426944)
2024-01-04 14:26:11,414 [INFO] IPUIPlugin:80 - create IPUIPlugin
2024-01-04 14:26:11,415 [INFO] IPUIPlugin:80 - create IPUIPlugin
2024-01-04 14:26:11,415 [INFO] IPUIPlugin:80 - create IPUIPlugin
2024-01-04 14:26:11,415 [INFO] IPUIPlugin:80 - create IPUIPlugin
2024-01-04 14:26:11,416 [INFO] IPUIPlugin:80 - create IPUIPlugin
2024-01-04 14:26:11,416 [INFO] IPUIPlugin:80 - create IPUIPlugin
2024-01-04 14:26:11,416 [INFO] IPUIPlugin:80 - create IPUIPlugin
2024-01-04 14:26:11,417 [INFO] IPUIPlugin:80 - create IPUIPlugin
2024-01-04 14:26:11,417 [INFO] IPUIPlugin:80 - create IPUIPlugin
2024-01-04 14:26:11,417 [INFO] IPUIPlugin:80 - create IPUIPlugin
2024-01-04 14:26:11,418 [INFO] IPUIPlugin:80 - create IPUIPlugin
2024-01-04 14:26:11,418 [INFO] IPUIPlugin:80 - create IPUIPlugin
2024-01-04 14:26:11,419 [INFO] IPUIPlugin:80 - create IPUIPlugin
2024-01-04 14:26:11,419 [INFO] IPUIPlugin:80 - create IPUIPlugin
2024-01-04 14:26:11,420 [INFO] IPUIPlugin:80 - create IPUIPlugin
2024-01-04 14:26:11,420 [INFO] IPUIPlugin:80 - create IPUIPlugin
2024-01-04 14:26:11,421 [INFO] IPUIPlugin:80 - create IPUIPlugin
2024-01-04 14:26:11,421 [INFO] IPUIPlugin:80 - create IPUIPlugin
2024-01-04 14:26:11,422 [INFO] IPUIPlugin:80 - create IPUIPlugin
2024-01-04 14:26:11,423 [INFO] IPUIPlugin:80 - create IPUIPlugin
2024-01-04 14:26:11,423 [INFO] IPUIPlugin:80 - create IPUIPlugin
2024-01-04 14:26:11,424 [INFO] IPUIPlugin:80 - create IPUIPlugin
2024-01-04 14:26:11,424 [INFO] IPUIPlugin:80 - create IPUIPlugin
2024-01-04 14:26:11,425 [INFO] IPUIPlugin:80 - create IPUIPlugin
2024-01-04 14:26:11,425 [INFO] IPUIPlugin:80 - create IPUIPlugin
2024-01-04 14:26:11,426 [INFO] IPUIPlugin:80 - create IPUIPlugin
2024-01-04 14:26:11,427 [INFO] IPUIPlugin:80 - create IPUIPlugin
2024-01-04 14:26:11,432 [INFO] Can:71 - Can Add PropertyChangeListener com.st.microxplorer.plugins.ip.can.Can@375f8f5c
2024-01-04 14:26:11,433 [WARN] IP:2114 - I2C_Coeff_DF not found: check if there is a RefParameter without a condition.
2024-01-04 14:26:11,434 [WARN] IP:2114 - Analog_Filter not found: check if there is a RefParameter without a condition.
2024-01-04 14:26:11,528 [INFO] CADModel:165 - CPN selected for project levelSTM32F103C8T6
2024-01-04 14:26:11,528 [INFO] CADModel:114 - Register for checkConnection events
2024-01-04 14:26:11,610 [INFO] OpenFileManager:328 - Restore cursor
2024-01-04 14:26:12,185 [WARN] IP:2114 - I2C_Coeff_DF not found: check if there is a RefParameter without a condition.
2024-01-04 14:26:12,185 [WARN] IP:2114 - Analog_Filter not found: check if there is a RefParameter without a condition.
2024-01-04 14:26:12,186 [WARN] IP:2114 - I2C_Coeff_DF not found: check if there is a RefParameter without a condition.
2024-01-04 14:26:12,186 [WARN] IP:2114 - Analog_Filter not found: check if there is a RefParameter without a condition.
2024-01-04 14:26:17,701 [WARN] IP:2114 - I2C_Coeff_DF not found: check if there is a RefParameter without a condition.
2024-01-04 14:26:17,701 [WARN] IP:2114 - Analog_Filter not found: check if there is a RefParameter without a condition.
2024-01-04 14:26:17,702 [WARN] IP:2114 - I2C_Coeff_DF not found: check if there is a RefParameter without a condition.
2024-01-04 14:26:17,702 [WARN] IP:2114 - Analog_Filter not found: check if there is a RefParameter without a condition.
2024-01-04 14:26:28,861 [WARN] IP:2114 - I2C_Coeff_DF not found: check if there is a RefParameter without a condition.
2024-01-04 14:26:28,861 [WARN] IP:2114 - Analog_Filter not found: check if there is a RefParameter without a condition.
2024-01-04 14:26:28,862 [WARN] IP:2114 - I2C_Coeff_DF not found: check if there is a RefParameter without a condition.
2024-01-04 14:26:28,862 [WARN] IP:2114 - Analog_Filter not found: check if there is a RefParameter without a condition.
2024-01-04 14:26:37,529 [INFO] UtilMem:75 - End SaveConfig() Used Memory: 271027552 Bytes (817889280)
2024-01-04 14:26:38,555 [INFO] UtilMem:75 - End SaveConfig() Used Memory: 237611824 Bytes (790626304)
2024-01-04 14:26:39,882 [INFO] UtilMem:75 - End SaveConfig() Used Memory: 300526384 Bytes (790626304)
2024-01-04 14:26:40,318 [INFO] BlockDiagram:2759 - set Specific Code input for plugin: NVIC
2024-01-04 14:26:40,318 [INFO] BlockDiagram:2759 - set Specific Code input for plugin: USART
2024-01-04 14:26:40,318 [INFO] BlockDiagram:2759 - set Specific Code input for plugin: GPIO
2024-01-04 14:26:40,318 [INFO] BlockDiagram:2759 - set Specific Code input for plugin: CAN
2024-01-04 14:26:40,318 [INFO] BlockDiagram:2759 - set Specific Code input for plugin: RCC
2024-01-04 14:26:40,318 [INFO] BlockDiagram:2759 - set Specific Code input for plugin: I2C
2024-01-04 14:26:40,321 [INFO] CodeGenerator:799 - code generatio: config db path: C:\ST\STM32CubeIDE_1.12.0\STM32CubeIDE\plugins\com.st.stm32cube.common.mx_6.9.2.202309101412\\db\
2024-01-04 14:26:40,323 [WARN] IP:2114 - I2C_Coeff_DF not found: check if there is a RefParameter without a condition.
2024-01-04 14:26:40,323 [WARN] IP:2114 - Analog_Filter not found: check if there is a RefParameter without a condition.
2024-01-04 14:26:40,517 [INFO] CodeEngine:255 - oldGeneratedFile, D:\CE437\Lab\Lab5\Sensor\MXTmpFiles\license.tmp_save
2024-01-04 14:26:40,783 [INFO] CodeEngine:279 - Generated code: D:\CE437\Lab\Lab5\Sensor\MXTmpFiles\license.tmp
2024-01-04 14:26:40,871 [INFO] CodeEngine:255 - oldGeneratedFile, D:\CE437\Lab\Lab5\Sensor\MXTmpFiles\gpio.tmp_save
2024-01-04 14:26:41,147 [INFO] CodeEngine:279 - Generated code: D:\CE437\Lab\Lab5\Sensor\MXTmpFiles\gpio.tmp
2024-01-04 14:26:41,382 [INFO] CodeEngine:255 - oldGeneratedFile, D:\CE437\Lab\Lab5\Sensor\Core\Src\stm32f1xx_it.c_save
2024-01-04 14:26:41,888 [INFO] CodeEngine:279 - Generated code: D:\CE437\Lab\Lab5\Sensor\Core\Src\stm32f1xx_it.c
2024-01-04 14:26:41,899 [INFO] CodeEngine:255 - oldGeneratedFile, D:\CE437\Lab\Lab5\Sensor\Core\Inc\stm32f1xx_it.h_save
2024-01-04 14:26:42,043 [INFO] CodeEngine:279 - Generated code: D:\CE437\Lab\Lab5\Sensor\Core\Inc\stm32f1xx_it.h
2024-01-04 14:26:42,120 [INFO] CodeEngine:255 - oldGeneratedFile, D:\CE437\Lab\Lab5\Sensor\Core\Src\stm32f1xx_hal_msp.c_save
2024-01-04 14:26:42,417 [INFO] CodeEngine:279 - Generated code: D:\CE437\Lab\Lab5\Sensor\Core\Src\stm32f1xx_hal_msp.c
2024-01-04 14:26:42,424 [INFO] CodeEngine:255 - oldGeneratedFile, D:\CE437\Lab\Lab5\Sensor\MXTmpFiles\system.tmp_save
2024-01-04 14:26:42,586 [INFO] CodeEngine:279 - Generated code: D:\CE437\Lab\Lab5\Sensor\MXTmpFiles\system.tmp
2024-01-04 14:26:42,625 [INFO] CodeEngine:311 - oldGeneratedFile, D:\CE437\Lab\Lab5\Sensor\Core\Inc\stm32f1xx_hal_conf.h_save
2024-01-04 14:26:42,920 [INFO] CodeEngine:335 - Generated code: D:\CE437\Lab\Lab5\Sensor\Core\Inc\stm32f1xx_hal_conf.h
2024-01-04 14:26:43,021 [INFO] CodeEngine:255 - oldGeneratedFile, D:\CE437\Lab\Lab5\Sensor\Core\Inc\main.h_save
2024-01-04 14:26:43,384 [INFO] CodeEngine:279 - Generated code: D:\CE437\Lab\Lab5\Sensor\Core\Inc\main.h
2024-01-04 14:26:43,416 [INFO] CodeEngine:255 - oldGeneratedFile, D:\CE437\Lab\Lab5\Sensor\Core\Src\main.c_save
2024-01-04 14:26:43,685 [INFO] CodeEngine:279 - Generated code: D:\CE437\Lab\Lab5\Sensor\Core\Src\main.c
2024-01-04 14:26:44,844 [INFO] ProjectBuilder:3064 - Time for Copy HAL[1] : 288mS.
2024-01-04 14:26:44,855 [INFO] ProjectBuilder:4404 - Project Generator version: 4.1.0
2024-01-04 14:26:45,107 [INFO] ConfigFileManager:1457 - The Die is : DIE410
2024-01-04 14:26:45,126 [INFO] ApiDbMcu:507 - Load IP Config File for FATFS
2024-01-04 14:26:45,179 [INFO] ApiDbMcu:507 - Load IP Config File for FREERTOS
2024-01-04 14:26:45,250 [INFO] ApiDbMcu:507 - Load IP Config File for USB_DEVICE
2024-01-04 14:26:48,152 [INFO] ProjectBuilder:4626 - Time for Generating toolchain IDE Files: 3297mS.
2024-01-04 14:26:48,154 [INFO] ProjectBuilder:2935 - Time for Copy CMSIS : 1mS.
2024-01-04 14:26:48,157 [INFO] ProjectBuilder:2935 - Time for Copy CMSIS : 0mS.
